Flow report for four_bit_serial_adder
Wed Mar  4 00:14:17 2015
Quartus II 32-bit Version 13.1.0 Build 162 10/23/2013 SJ Web Edition


---------------------
; Table of Contents ;
---------------------
  1. Legal Notice
  2. Flow Summary
  3. Flow Settings
  4. Flow Non-Default Global Settings
  5. Flow Elapsed Time
  6. Flow OS Summary
  7. Flow Log
  8. Flow Messages
  9. Flow Suppressed Messages



----------------
; Legal Notice ;
----------------
Copyright (C) 1991-2013 Altera Corporation
Your use of Altera Corporation's design tools, logic functions 
and other software and tools, and its AMPP partner logic 
functions, and any output files from any of the foregoing 
(including device programming or simulation files), and any 
associated documentation or information are expressly subject 
to the terms and conditions of the Altera Program License 
Subscription Agreement, Altera MegaCore Function License 
Agreement, or other applicable license agreement, including, 
without limitation, that your use is for the sole purpose of 
programming logic devices manufactured by Altera and sold by 
Altera or its authorized distributors.  Please refer to the 
applicable agreement for further details.



+------------------------------------------------------------------------+
; Flow Summary                                                           ;
+---------------------------+--------------------------------------------+
; Flow Status               ; Successful - Wed Mar  4 00:14:17 2015      ;
; Quartus II 32-bit Version ; 13.1.0 Build 162 10/23/2013 SJ Web Edition ;
; Revision Name             ; four_bit_serial_adder                      ;
; Top-level Entity Name     ; four_bit_serial_adder                      ;
; Family                    ; MAX V                                      ;
; Device                    ; 5M1270ZT144C5                              ;
; Timing Models             ; Final                                      ;
; Total logic elements      ; 20 / 1,270 ( 2 % )                         ;
; Total pins                ; 15 / 114 ( 13 % )                          ;
; Total virtual pins        ; 0                                          ;
; UFM blocks                ; 0 / 1 ( 0 % )                              ;
+---------------------------+--------------------------------------------+


+-------------------------------------------+
; Flow Settings                             ;
+-------------------+-----------------------+
; Option            ; Setting               ;
+-------------------+-----------------------+
; Start date & time ; 03/04/2015 00:13:59   ;
; Main task         ; Compilation           ;
; Revision Name     ; four_bit_serial_adder ;
+-------------------+-----------------------+


+---------------------------------------------------------------------------------------------------------------+
; Flow Non-Default Global Settings                                                                              ;
+-------------------------------+--------------------------------+---------------+-------------+----------------+
; Assignment Name               ; Value                          ; Default Value ; Entity Name ; Section Id     ;
+-------------------------------+--------------------------------+---------------+-------------+----------------+
; COMPILER_SIGNATURE_ID         ; 35775007712701.142540823921575 ; --            ; --          ; --             ;
; EDA_OUTPUT_DATA_FORMAT        ; Vhdl                           ; --            ; --          ; eda_simulation ;
; EDA_SIMULATION_TOOL           ; ModelSim-Altera (VHDL)         ; <None>        ; --          ; --             ;
; MAX_CORE_JUNCTION_TEMP        ; 85                             ; --            ; --          ; --             ;
; MIN_CORE_JUNCTION_TEMP        ; 0                              ; --            ; --          ; --             ;
; POWER_PRESET_COOLING_SOLUTION ; No Heat Sink With Still Air    ; --            ; --          ; --             ;
; PROJECT_OUTPUT_DIRECTORY      ; output_files                   ; --            ; --          ; --             ;
+-------------------------------+--------------------------------+---------------+-------------+----------------+


+-------------------------------------------------------------------------------------------------------------------------------+
; Flow Elapsed Time                                                                                                             ;
+---------------------------+--------------+-------------------------+---------------------+------------------------------------+
; Module Name               ; Elapsed Time ; Average Processors Used ; Peak Virtual Memory ; Total CPU Time (on all processors) ;
+---------------------------+--------------+-------------------------+---------------------+------------------------------------+
; Analysis & Synthesis      ; 00:00:01     ; 1.0                     ; 364 MB              ; 00:00:01                           ;
; Fitter                    ; 00:00:02     ; 1.0                     ; 445 MB              ; 00:00:02                           ;
; Assembler                 ; 00:00:01     ; 1.0                     ; 334 MB              ; 00:00:01                           ;
; TimeQuest Timing Analyzer ; 00:00:01     ; 1.0                     ; 322 MB              ; 00:00:01                           ;
; EDA Netlist Writer        ; 00:00:01     ; 1.0                     ; 326 MB              ; 00:00:01                           ;
; Total                     ; 00:00:06     ; --                      ; --                  ; 00:00:06                           ;
+---------------------------+--------------+-------------------------+---------------------+------------------------------------+


+---------------------------------------------------------------------------------------------+
; Flow OS Summary                                                                             ;
+---------------------------+------------------+----------------+------------+----------------+
; Module Name               ; Machine Hostname ; OS Name        ; OS Version ; Processor type ;
+---------------------------+------------------+----------------+------------+----------------+
; Analysis & Synthesis      ; MPS007           ; Ubuntu 14.04.2 ; 14         ; x86_64         ;
; Fitter                    ; MPS007           ; Ubuntu 14.04.2 ; 14         ; x86_64         ;
; Assembler                 ; MPS007           ; Ubuntu 14.04.2 ; 14         ; x86_64         ;
; TimeQuest Timing Analyzer ; MPS007           ; Ubuntu 14.04.2 ; 14         ; x86_64         ;
; EDA Netlist Writer        ; MPS007           ; Ubuntu 14.04.2 ; 14         ; x86_64         ;
+---------------------------+------------------+----------------+------------+----------------+


------------
; Flow Log ;
------------
quartus_map --read_settings_files=on --write_settings_files=off four_bit_serial_adder -c four_bit_serial_adder
quartus_fit --read_settings_files=off --write_settings_files=off four_bit_serial_adder -c four_bit_serial_adder
quartus_asm --read_settings_files=off --write_settings_files=off four_bit_serial_adder -c four_bit_serial_adder
quartus_sta four_bit_serial_adder -c four_bit_serial_adder
quartus_eda --read_settings_files=off --write_settings_files=off four_bit_serial_adder -c four_bit_serial_adder



