Analysis & Synthesis report for lcd_mf
Mon Mar 16 22:16:59 2015
Quartus II 32-bit Version 13.1.0 Build 162 10/23/2013 SJ Web Edition


---------------------
; Table of Contents ;
---------------------
  1. Legal Notice
  2. Analysis & Synthesis Summary
  3. Analysis & Synthesis Settings
  4. Parallel Compilation
  5. Analysis & Synthesis Source Files Read
  6. Analysis & Synthesis Resource Usage Summary
  7. Analysis & Synthesis Resource Utilization by Entity
  8. State Machine - |lcd_mf|temp_debounce
  9. State Machine - |lcd_mf|temp_state
 10. State Machine - |lcd_mf|state_debounce
 11. Registers Removed During Synthesis
 12. Removed Registers Triggering Further Register Optimizations
 13. General Register Statistics
 14. Inverted Register Statistics
 15. Multiplexer Restructuring Statistics (Restructuring Performed)
 16. Parameter Settings for User Entity Instance: Top-level Entity: |lcd_mf
 17. Analysis & Synthesis Messages



----------------
; Legal Notice ;
----------------
Copyright (C) 1991-2013 Altera Corporation
Your use of Altera Corporation's design tools, logic functions 
and other software and tools, and its AMPP partner logic 
functions, and any output files from any of the foregoing 
(including device programming or simulation files), and any 
associated documentation or information are expressly subject 
to the terms and conditions of the Altera Program License 
Subscription Agreement, Altera MegaCore Function License 
Agreement, or other applicable license agreement, including, 
without limitation, that your use is for the sole purpose of 
programming logic devices manufactured by Altera and sold by 
Altera or its authorized distributors.  Please refer to the 
applicable agreement for further details.



+--------------------------------------------------------------------------+
; Analysis & Synthesis Summary                                             ;
+-----------------------------+--------------------------------------------+
; Analysis & Synthesis Status ; Successful - Mon Mar 16 22:16:59 2015      ;
; Quartus II 32-bit Version   ; 13.1.0 Build 162 10/23/2013 SJ Web Edition ;
; Revision Name               ; lcd_mf                                     ;
; Top-level Entity Name       ; lcd_mf                                     ;
; Family                      ; MAX V                                      ;
; Total logic elements        ; 184                                        ;
; Total pins                  ; 26                                         ;
; Total virtual pins          ; 0                                          ;
; UFM blocks                  ; 0 / 1 ( 0 % )                              ;
+-----------------------------+--------------------------------------------+


+----------------------------------------------------------------------------------------------------------------------+
; Analysis & Synthesis Settings                                                                                        ;
+----------------------------------------------------------------------------+--------------------+--------------------+
; Option                                                                     ; Setting            ; Default Value      ;
+----------------------------------------------------------------------------+--------------------+--------------------+
; Device                                                                     ; 5M1270ZT144C5      ;                    ;
; Top-level entity name                                                      ; lcd_mf             ; lcd_mf             ;
; Family name                                                                ; MAX V              ; Cyclone IV GX      ;
; Use smart compilation                                                      ; Off                ; Off                ;
; Enable parallel Assembler and TimeQuest Timing Analyzer during compilation ; On                 ; On                 ;
; Enable compact report table                                                ; Off                ; Off                ;
; Restructure Multiplexers                                                   ; Auto               ; Auto               ;
; Create Debugging Nodes for IP Cores                                        ; Off                ; Off                ;
; Preserve fewer node names                                                  ; On                 ; On                 ;
; Disable OpenCore Plus hardware evaluation                                  ; Off                ; Off                ;
; Verilog Version                                                            ; Verilog_2001       ; Verilog_2001       ;
; VHDL Version                                                               ; VHDL_1993          ; VHDL_1993          ;
; State Machine Processing                                                   ; Auto               ; Auto               ;
; Safe State Machine                                                         ; Off                ; Off                ;
; Extract Verilog State Machines                                             ; On                 ; On                 ;
; Extract VHDL State Machines                                                ; On                 ; On                 ;
; Ignore Verilog initial constructs                                          ; Off                ; Off                ;
; Iteration limit for constant Verilog loops                                 ; 5000               ; 5000               ;
; Iteration limit for non-constant Verilog loops                             ; 250                ; 250                ;
; Add Pass-Through Logic to Inferred RAMs                                    ; On                 ; On                 ;
; Infer RAMs from Raw Logic                                                  ; On                 ; On                 ;
; Parallel Synthesis                                                         ; On                 ; On                 ;
; NOT Gate Push-Back                                                         ; On                 ; On                 ;
; Power-Up Don't Care                                                        ; On                 ; On                 ;
; Remove Redundant Logic Cells                                               ; Off                ; Off                ;
; Remove Duplicate Registers                                                 ; On                 ; On                 ;
; Ignore CARRY Buffers                                                       ; Off                ; Off                ;
; Ignore CASCADE Buffers                                                     ; Off                ; Off                ;
; Ignore GLOBAL Buffers                                                      ; Off                ; Off                ;
; Ignore ROW GLOBAL Buffers                                                  ; Off                ; Off                ;
; Ignore LCELL Buffers                                                       ; Off                ; Off                ;
; Ignore SOFT Buffers                                                        ; On                 ; On                 ;
; Limit AHDL Integers to 32 Bits                                             ; Off                ; Off                ;
; Optimization Technique                                                     ; Balanced           ; Balanced           ;
; Carry Chain Length                                                         ; 70                 ; 70                 ;
; Auto Carry Chains                                                          ; On                 ; On                 ;
; Auto Open-Drain Pins                                                       ; On                 ; On                 ;
; Perform WYSIWYG Primitive Resynthesis                                      ; Off                ; Off                ;
; Auto Shift Register Replacement                                            ; Auto               ; Auto               ;
; Allow Shift Register Merging across Hierarchies                            ; Auto               ; Auto               ;
; Auto Clock Enable Replacement                                              ; On                 ; On                 ;
; Allow Synchronous Control Signals                                          ; On                 ; On                 ;
; Force Use of Synchronous Clear Signals                                     ; Off                ; Off                ;
; Auto Resource Sharing                                                      ; Off                ; Off                ;
; Use LogicLock Constraints during Resource Balancing                        ; On                 ; On                 ;
; Ignore translate_off and synthesis_off directives                          ; Off                ; Off                ;
; Report Parameter Settings                                                  ; On                 ; On                 ;
; Report Source Assignments                                                  ; On                 ; On                 ;
; Report Connectivity Checks                                                 ; On                 ; On                 ;
; Ignore Maximum Fan-Out Assignments                                         ; Off                ; Off                ;
; Synchronization Register Chain Length                                      ; 2                  ; 2                  ;
; PowerPlay Power Optimization                                               ; Normal compilation ; Normal compilation ;
; HDL message level                                                          ; Level2             ; Level2             ;
; Suppress Register Optimization Related Messages                            ; Off                ; Off                ;
; Number of Removed Registers Reported in Synthesis Report                   ; 5000               ; 5000               ;
; Number of Swept Nodes Reported in Synthesis Report                         ; 5000               ; 5000               ;
; Number of Inverted Registers Reported in Synthesis Report                  ; 100                ; 100                ;
; Clock MUX Protection                                                       ; On                 ; On                 ;
; Block Design Naming                                                        ; Auto               ; Auto               ;
; Synthesis Effort                                                           ; Auto               ; Auto               ;
; Shift Register Replacement - Allow Asynchronous Clear Signal               ; On                 ; On                 ;
; Pre-Mapping Resynthesis Optimization                                       ; Off                ; Off                ;
; Analysis & Synthesis Message Level                                         ; Medium             ; Medium             ;
; Disable Register Merging Across Hierarchies                                ; Auto               ; Auto               ;
; Synthesis Seed                                                             ; 1                  ; 1                  ;
+----------------------------------------------------------------------------+--------------------+--------------------+


Parallel compilation was disabled, but you have multiple processors available. Enable parallel compilation to reduce compilation time.
+-------------------------------------+
; Parallel Compilation                ;
+----------------------------+--------+
; Processors                 ; Number ;
+----------------------------+--------+
; Number detected on machine ; 4      ;
; Maximum allowed            ; 1      ;
+----------------------------+--------+


+-----------------------------------------------------------------------------------------------------------------------------+
; Analysis & Synthesis Source Files Read                                                                                      ;
+----------------------------------+-----------------+------------------------+-------------------------------------+---------+
; File Name with User-Entered Path ; Used in Netlist ; File Type              ; File Name with Absolute Path        ; Library ;
+----------------------------------+-----------------+------------------------+-------------------------------------+---------+
; lcd_mf.v                         ; yes             ; User Verilog HDL File  ; /home/tinchuk/ee214/lcd_mf/lcd_mf.v ;         ;
+----------------------------------+-----------------+------------------------+-------------------------------------+---------+


+-----------------------------------------------------+
; Analysis & Synthesis Resource Usage Summary         ;
+---------------------------------------------+-------+
; Resource                                    ; Usage ;
+---------------------------------------------+-------+
; Total logic elements                        ; 184   ;
;     -- Combinational with no register       ; 115   ;
;     -- Register only                        ; 39    ;
;     -- Combinational with a register        ; 30    ;
;                                             ;       ;
; Logic element usage by number of LUT inputs ;       ;
;     -- 4 input functions                    ; 81    ;
;     -- 3 input functions                    ; 37    ;
;     -- 2 input functions                    ; 23    ;
;     -- 1 input functions                    ; 4     ;
;     -- 0 input functions                    ; 0     ;
;                                             ;       ;
; Logic elements by mode                      ;       ;
;     -- normal mode                          ; 166   ;
;     -- arithmetic mode                      ; 18    ;
;     -- qfbk mode                            ; 0     ;
;     -- register cascade mode                ; 0     ;
;     -- synchronous clear/load mode          ; 7     ;
;     -- asynchronous clear/load mode         ; 13    ;
;                                             ;       ;
; Total registers                             ; 69    ;
; Total logic cells in carry chains           ; 19    ;
; I/O pins                                    ; 26    ;
; Maximum fan-out node                        ; rst   ;
; Maximum fan-out                             ; 53    ;
; Total fan-out                               ; 665   ;
; Average fan-out                             ; 3.17  ;
+---------------------------------------------+-------+


+----------------------------------------------------------------------------------------------------------------------------------------------------------------------------------------------------------------------+
; Analysis & Synthesis Resource Utilization by Entity                                                                                                                                                                  ;
+----------------------------+-------------+--------------+------------+------+--------------+--------------+-------------------+------------------+-----------------+------------+---------------------+--------------+
; Compilation Hierarchy Node ; Logic Cells ; LC Registers ; UFM Blocks ; Pins ; Virtual Pins ; LUT-Only LCs ; Register-Only LCs ; LUT/Register LCs ; Carry Chain LCs ; Packed LCs ; Full Hierarchy Name ; Library Name ;
+----------------------------+-------------+--------------+------------+------+--------------+--------------+-------------------+------------------+-----------------+------------+---------------------+--------------+
; |lcd_mf                    ; 184 (184)   ; 69           ; 0          ; 26   ; 0            ; 115 (115)    ; 39 (39)           ; 30 (30)          ; 19 (19)         ; 0 (0)      ; |lcd_mf             ; work         ;
+----------------------------+-------------+--------------+------------+------+--------------+--------------+-------------------+------------------+-----------------+------------+---------------------+--------------+
Note: For table entries with two numbers listed, the numbers in parentheses indicate the number of resources of the given type used by the specific entity alone. The numbers listed outside of parentheses indicate the total resources of the given type used by the specific entity and all of its sub-entities in the hierarchy.


Encoding Type:  One-Hot
+---------------------------------------------------------------------------+
; State Machine - |lcd_mf|temp_debounce                                     ;
+------------------+------------------+------------------+------------------+
; Name             ; temp_debounce.00 ; temp_debounce.10 ; temp_debounce.01 ;
+------------------+------------------+------------------+------------------+
; temp_debounce.00 ; 0                ; 0                ; 0                ;
; temp_debounce.01 ; 1                ; 0                ; 1                ;
; temp_debounce.10 ; 1                ; 1                ; 0                ;
+------------------+------------------+------------------+------------------+


Encoding Type:  One-Hot
+----------------------------------------------------------------------------------------------------------------------+
; State Machine - |lcd_mf|temp_state                                                                                   ;
+----------------+----------------+----------------+----------------+----------------+----------------+----------------+
; Name           ; temp_state.101 ; temp_state.100 ; temp_state.011 ; temp_state.010 ; temp_state.001 ; temp_state.000 ;
+----------------+----------------+----------------+----------------+----------------+----------------+----------------+
; temp_state.000 ; 0              ; 0              ; 0              ; 0              ; 0              ; 0              ;
; temp_state.001 ; 0              ; 0              ; 0              ; 0              ; 1              ; 1              ;
; temp_state.010 ; 0              ; 0              ; 0              ; 1              ; 0              ; 1              ;
; temp_state.011 ; 0              ; 0              ; 1              ; 0              ; 0              ; 1              ;
; temp_state.100 ; 0              ; 1              ; 0              ; 0              ; 0              ; 1              ;
; temp_state.101 ; 1              ; 0              ; 0              ; 0              ; 0              ; 1              ;
+----------------+----------------+----------------+----------------+----------------+----------------+----------------+


Encoding Type:  One-Hot
+-------------------------------------------------------------------------------+
; State Machine - |lcd_mf|state_debounce                                        ;
+-------------------+-------------------+-------------------+-------------------+
; Name              ; state_debounce.00 ; state_debounce.10 ; state_debounce.01 ;
+-------------------+-------------------+-------------------+-------------------+
; state_debounce.00 ; 0                 ; 0                 ; 0                 ;
; state_debounce.01 ; 1                 ; 0                 ; 1                 ;
; state_debounce.10 ; 1                 ; 1                 ; 0                 ;
+-------------------+-------------------+-------------------+-------------------+


+---------------------------------------------------------------------------------+
; Registers Removed During Synthesis                                              ;
+----------------------------------------+----------------------------------------+
; Register name                          ; Reason for Removal                     ;
+----------------------------------------+----------------------------------------+
; lcd_dat[7]                             ; Stuck at GND due to stuck port data_in ;
; lcd_rw~reg0                            ; Stuck at GND due to stuck port data_in ;
; temp_debounce.00                       ; Lost fanout                            ;
; temp_debounce.01                       ; Lost fanout                            ;
; temp_debounce.10                       ; Lost fanout                            ;
; temp_state.000                         ; Lost fanout                            ;
; temp_state.001                         ; Lost fanout                            ;
; temp_state.010                         ; Lost fanout                            ;
; temp_state.011                         ; Lost fanout                            ;
; temp_state.100                         ; Lost fanout                            ;
; temp_state.101                         ; Lost fanout                            ;
; temp_state~2                           ; Lost fanout                            ;
; temp_state~3                           ; Lost fanout                            ;
; temp_state~4                           ; Lost fanout                            ;
; state_debounce.10                      ; Lost fanout                            ;
; Total Number of Removed Registers = 15 ;                                        ;
+----------------------------------------+----------------------------------------+


+--------------------------------------------------------------------------------+
; Removed Registers Triggering Further Register Optimizations                    ;
+------------------+--------------------+----------------------------------------+
; Register name    ; Reason for Removal ; Registers Removed due to This Register ;
+------------------+--------------------+----------------------------------------+
; temp_debounce.10 ; Lost Fanouts       ; state_debounce.10                      ;
+------------------+--------------------+----------------------------------------+


+------------------------------------------------------+
; General Register Statistics                          ;
+----------------------------------------------+-------+
; Statistic                                    ; Value ;
+----------------------------------------------+-------+
; Total registers                              ; 69    ;
; Number of registers using Synchronous Clear  ; 7     ;
; Number of registers using Synchronous Load   ; 0     ;
; Number of registers using Asynchronous Clear ; 13    ;
; Number of registers using Asynchronous Load  ; 0     ;
; Number of registers using Clock Enable       ; 33    ;
; Number of registers using Preset             ; 0     ;
+----------------------------------------------+-------+


+--------------------------------------------------+
; Inverted Register Statistics                     ;
+----------------------------------------+---------+
; Inverted Register                      ; Fan out ;
+----------------------------------------+---------+
; col[3]~reg0                            ; 4       ;
; state.000                              ; 5       ;
; Total number of inverted registers = 2 ;         ;
+----------------------------------------+---------+


+------------------------------------------------------------------------------------------------------------------------------------------+
; Multiplexer Restructuring Statistics (Restructuring Performed)                                                                           ;
+--------------------+-----------+---------------+----------------------+------------------------+------------+----------------------------+
; Multiplexer Inputs ; Bus Width ; Baseline Area ; Area if Restructured ; Saving if Restructured ; Registered ; Example Multiplexer Output ;
+--------------------+-----------+---------------+----------------------+------------------------+------------+----------------------------+
; 4:1                ; 3 bits    ; 6 LEs         ; 3 LEs                ; 3 LEs                  ; Yes        ; |lcd_mf|col[0]~reg0        ;
; 6:1                ; 4 bits    ; 16 LEs        ; 4 LEs                ; 12 LEs                 ; Yes        ; |lcd_mf|lcd[1]~reg0        ;
; 8:1                ; 3 bits    ; 15 LEs        ; 9 LEs                ; 6 LEs                  ; Yes        ; |lcd_mf|lcd[0]~reg0        ;
+--------------------+-----------+---------------+----------------------+------------------------+------------+----------------------------+


+------------------------------------------------------------------------+
; Parameter Settings for User Entity Instance: Top-level Entity: |lcd_mf ;
+----------------+---------------------+---------------------------------+
; Parameter Name ; Value               ; Type                            ;
+----------------+---------------------+---------------------------------+
; maxcount       ; 1111010000100100000 ; Unsigned Binary                 ;
+----------------+---------------------+---------------------------------+
Note: In order to hide this table in the UI and the text report file, please set the "Show Parameter Settings in Synthesis Report" option in "Analysis and Synthesis Settings -> More Settings" to "Off".


+-------------------------------+
; Analysis & Synthesis Messages ;
+-------------------------------+
Info: *******************************************************************
Info: Running Quartus II 32-bit Analysis & Synthesis
    Info: Version 13.1.0 Build 162 10/23/2013 SJ Web Edition
    Info: Processing started: Mon Mar 16 22:16:58 2015
Info: Command: quartus_map --read_settings_files=on --write_settings_files=off lcd_mf -c lcd_mf
Warning (20028): Parallel compilation is not licensed and has been disabled
Info (12021): Found 1 design units, including 1 entities, in source file lcd_mf.v
    Info (12023): Found entity 1: lcd_mf
Info (12127): Elaborating entity "lcd_mf" for the top level hierarchy
Warning (10036): Verilog HDL or VHDL warning at lcd_mf.v(14): object "temp_state" assigned a value but never read
Warning (10036): Verilog HDL or VHDL warning at lcd_mf.v(15): object "temp_debounce" assigned a value but never read
Warning (10230): Verilog HDL assignment warning at lcd_mf.v(55): truncated value with size 32 to match size of target (19)
Warning (10230): Verilog HDL assignment warning at lcd_mf.v(189): truncated value with size 32 to match size of target (3)
Info (10018): Can't recognize finite state machine "state" because it has a complex reset state
Warning (13024): Output pins are stuck at VCC or GND
    Warning (13410): Pin "lcd_rw" is stuck at GND
Info (18000): Registers with preset signals will power-up high
Info (17049): 13 registers lost all their fanouts during netlist optimizations.
Info (21057): Implemented 210 device resources after synthesis - the final resource count might be different
    Info (21058): Implemented 6 input pins
    Info (21059): Implemented 20 output pins
    Info (21061): Implemented 184 logic cells
Info: Quartus II 32-bit Analysis & Synthesis was successful. 0 errors, 7 warnings
    Info: Peak virtual memory: 364 megabytes
    Info: Processing ended: Mon Mar 16 22:16:59 2015
    Info: Elapsed time: 00:00:01
    Info: Total CPU time (on all processors): 00:00:01


