Fitter report for examples
Wed Apr 15 11:06:03 2015
Quartus II 32-bit Version 13.1.0 Build 162 10/23/2013 SJ Web Edition


---------------------
; Table of Contents ;
---------------------
  1. Legal Notice
  2. Fitter Summary
  3. Fitter Settings
  4. Parallel Compilation
  5. Ignored Assignments
  6. Pin-Out File
  7. Fitter Resource Usage Summary
  8. Input Pins
  9. Output Pins
 10. Bidir Pins
 11. I/O Bank Usage
 12. All Package Pins
 13. Output Pin Default Load For Reported TCO
 14. Fitter Resource Utilization by Entity
 15. Delay Chain Summary
 16. Control Signals
 17. Global & Other Fast Signals
 18. Non-Global High Fan-Out Signals
 19. Routing Usage Summary
 20. LAB Logic Elements
 21. LAB-wide Signals
 22. LAB Signals Sourced
 23. LAB Signals Sourced Out
 24. LAB Distinct Inputs
 25. Fitter Device Options
 26. Fitter Messages
 27. Fitter Suppressed Messages



----------------
; Legal Notice ;
----------------
Copyright (C) 1991-2013 Altera Corporation
Your use of Altera Corporation's design tools, logic functions 
and other software and tools, and its AMPP partner logic 
functions, and any output files from any of the foregoing 
(including device programming or simulation files), and any 
associated documentation or information are expressly subject 
to the terms and conditions of the Altera Program License 
Subscription Agreement, Altera MegaCore Function License 
Agreement, or other applicable license agreement, including, 
without limitation, that your use is for the sole purpose of 
programming logic devices manufactured by Altera and sold by 
Altera or its authorized distributors.  Please refer to the 
applicable agreement for further details.



+------------------------------------------------------------------------+
; Fitter Summary                                                         ;
+---------------------------+--------------------------------------------+
; Fitter Status             ; Successful - Wed Apr 15 11:06:03 2015      ;
; Quartus II 32-bit Version ; 13.1.0 Build 162 10/23/2013 SJ Web Edition ;
; Revision Name             ; examples                                   ;
; Top-level Entity Name     ; sram                                       ;
; Family                    ; MAX V                                      ;
; Device                    ; 5M1270ZT144C5                              ;
; Timing Models             ; Final                                      ;
; Total logic elements      ; 54 / 1,270 ( 4 % )                         ;
; Total pins                ; 64 / 114 ( 56 % )                          ;
; Total virtual pins        ; 0                                          ;
; UFM blocks                ; 0 / 1 ( 0 % )                              ;
+---------------------------+--------------------------------------------+


+----------------------------------------------------------------------------------------------------------------------------------------------+
; Fitter Settings                                                                                                                              ;
+----------------------------------------------------------------------------+--------------------------------+--------------------------------+
; Option                                                                     ; Setting                        ; Default Value                  ;
+----------------------------------------------------------------------------+--------------------------------+--------------------------------+
; Device                                                                     ; 5M1270ZT144C5                  ;                                ;
; Minimum Core Junction Temperature                                          ; 0                              ;                                ;
; Maximum Core Junction Temperature                                          ; 85                             ;                                ;
; Fit Attempts to Skip                                                       ; 0                              ; 0.0                            ;
; Device I/O Standard                                                        ; 3.3-V LVTTL                    ;                                ;
; Use smart compilation                                                      ; Off                            ; Off                            ;
; Enable parallel Assembler and TimeQuest Timing Analyzer during compilation ; On                             ; On                             ;
; Enable compact report table                                                ; Off                            ; Off                            ;
; Router Timing Optimization Level                                           ; Normal                         ; Normal                         ;
; Placement Effort Multiplier                                                ; 1.0                            ; 1.0                            ;
; Router Effort Multiplier                                                   ; 1.0                            ; 1.0                            ;
; Always Enable Input Buffers                                                ; Off                            ; Off                            ;
; Optimize Hold Timing                                                       ; IO Paths and Minimum TPD Paths ; IO Paths and Minimum TPD Paths ;
; Optimize Multi-Corner Timing                                               ; Off                            ; Off                            ;
; Guarantee I/O Paths Have Zero Hold Time at Fast Corner                     ; On                             ; On                             ;
; PowerPlay Power Optimization                                               ; Normal compilation             ; Normal compilation             ;
; Optimize Timing                                                            ; Normal compilation             ; Normal compilation             ;
; Optimize Timing for ECOs                                                   ; Off                            ; Off                            ;
; Regenerate full fit report during ECO compiles                             ; Off                            ; Off                            ;
; Optimize IOC Register Placement for Timing                                 ; Normal                         ; Normal                         ;
; Limit to One Fitting Attempt                                               ; Off                            ; Off                            ;
; Final Placement Optimizations                                              ; Automatically                  ; Automatically                  ;
; Fitter Aggressive Routability Optimizations                                ; Automatically                  ; Automatically                  ;
; Fitter Initial Placement Seed                                              ; 1                              ; 1                              ;
; Slow Slew Rate                                                             ; Off                            ; Off                            ;
; PCI I/O                                                                    ; Off                            ; Off                            ;
; Weak Pull-Up Resistor                                                      ; Off                            ; Off                            ;
; Enable Bus-Hold Circuitry                                                  ; Off                            ; Off                            ;
; Auto Delay Chains                                                          ; On                             ; On                             ;
; Auto Delay Chains for High Fanout Input Pins                               ; Off                            ; Off                            ;
; Perform Physical Synthesis for Combinational Logic for Performance         ; Off                            ; Off                            ;
; Perform Register Duplication for Performance                               ; Off                            ; Off                            ;
; Perform Register Retiming for Performance                                  ; Off                            ; Off                            ;
; Perform Asynchronous Signal Pipelining                                     ; Off                            ; Off                            ;
; Fitter Effort                                                              ; Auto Fit                       ; Auto Fit                       ;
; Physical Synthesis Effort Level                                            ; Normal                         ; Normal                         ;
; Logic Cell Insertion - Logic Duplication                                   ; Auto                           ; Auto                           ;
; Auto Register Duplication                                                  ; Auto                           ; Auto                           ;
; Auto Global Clock                                                          ; On                             ; On                             ;
; Auto Global Register Control Signals                                       ; On                             ; On                             ;
; Force Fitter to Avoid Periphery Placement Warnings                         ; Off                            ; Off                            ;
+----------------------------------------------------------------------------+--------------------------------+--------------------------------+


Parallel compilation was disabled, but you have multiple processors available. Enable parallel compilation to reduce compilation time.
+-------------------------------------+
; Parallel Compilation                ;
+----------------------------+--------+
; Processors                 ; Number ;
+----------------------------+--------+
; Number detected on machine ; 4      ;
; Maximum allowed            ; 1      ;
+----------------------------+--------+


+----------------------------------------------------------------------------------------+
; Ignored Assignments                                                                    ;
+----------+----------------+--------------+------------+---------------+----------------+
; Name     ; Ignored Entity ; Ignored From ; Ignored To ; Ignored Value ; Ignored Source ;
+----------+----------------+--------------+------------+---------------+----------------+
; Location ;                ;              ; lcd[0]     ; PIN_76        ; QSF Assignment ;
; Location ;                ;              ; lcd[1]     ; PIN_80        ; QSF Assignment ;
; Location ;                ;              ; lcd[2]     ; PIN_84        ; QSF Assignment ;
; Location ;                ;              ; lcd[3]     ; PIN_86        ; QSF Assignment ;
; Location ;                ;              ; lcd[4]     ; PIN_88        ; QSF Assignment ;
; Location ;                ;              ; lcd[5]     ; PIN_94        ; QSF Assignment ;
; Location ;                ;              ; lcd[6]     ; PIN_96        ; QSF Assignment ;
; Location ;                ;              ; lcd[7]     ; PIN_98        ; QSF Assignment ;
; Location ;                ;              ; lcd_en     ; PIN_74        ; QSF Assignment ;
; Location ;                ;              ; lcd_rs     ; PIN_70        ; QSF Assignment ;
; Location ;                ;              ; lcd_rw     ; PIN_72        ; QSF Assignment ;
; Location ;                ;              ; led[0]     ; PIN_49        ; QSF Assignment ;
; Location ;                ;              ; led[1]     ; PIN_50        ; QSF Assignment ;
; Location ;                ;              ; led[2]     ; PIN_51        ; QSF Assignment ;
; Location ;                ;              ; led[3]     ; PIN_52        ; QSF Assignment ;
; Location ;                ;              ; msgkey     ; PIN_45        ; QSF Assignment ;
; Location ;                ;              ; push1      ; PIN_141       ; QSF Assignment ;
; Location ;                ;              ; push2      ; PIN_142       ; QSF Assignment ;
; Location ;                ;              ; push3      ; PIN_143       ; QSF Assignment ;
; Location ;                ;              ; push4      ; PIN_144       ; QSF Assignment ;
; Location ;                ;              ; rst        ; PIN_48        ; QSF Assignment ;
+----------+----------------+--------------+------------+---------------+----------------+


+--------------+
; Pin-Out File ;
+--------------+
The pin-out file can be found in /home/tinchuk/ee214/example_es/output_files/examples.pin.


+------------------------------------------------------------------+
; Fitter Resource Usage Summary                                    ;
+---------------------------------------------+--------------------+
; Resource                                    ; Usage              ;
+---------------------------------------------+--------------------+
; Total logic elements                        ; 54 / 1,270 ( 4 % ) ;
;     -- Combinational with no register       ; 12                 ;
;     -- Register only                        ; 32                 ;
;     -- Combinational with a register        ; 10                 ;
;                                             ;                    ;
; Logic element usage by number of LUT inputs ;                    ;
;     -- 4 input functions                    ; 15                 ;
;     -- 3 input functions                    ; 2                  ;
;     -- 2 input functions                    ; 4                  ;
;     -- 1 input functions                    ; 1                  ;
;     -- 0 input functions                    ; 0                  ;
;                                             ;                    ;
; Logic elements by mode                      ;                    ;
;     -- normal mode                          ; 54                 ;
;     -- arithmetic mode                      ; 0                  ;
;     -- qfbk mode                            ; 0                  ;
;     -- register cascade mode                ; 0                  ;
;     -- synchronous clear/load mode          ; 27                 ;
;     -- asynchronous clear/load mode         ; 0                  ;
;                                             ;                    ;
; Total registers                             ; 42 / 1,270 ( 3 % ) ;
; Total LABs                                  ; 7 / 127 ( 6 % )    ;
; Logic elements in carry chains              ; 0                  ;
; Virtual pins                                ; 0                  ;
; I/O pins                                    ; 64 / 114 ( 56 % )  ;
;     -- Clock pins                           ; 3 / 4 ( 75 % )     ;
;                                             ;                    ;
; Global signals                              ; 1                  ;
; UFM blocks                                  ; 0 / 1 ( 0 % )      ;
; Global clocks                               ; 1 / 4 ( 25 % )     ;
; JTAGs                                       ; 0 / 1 ( 0 % )      ;
; Average interconnect usage (total/H/V)      ; 2% / 2% / 2%       ;
; Peak interconnect usage (total/H/V)         ; 5% / 5% / 5%       ;
; Maximum fan-out                             ; 42                 ;
; Highest non-global fan-out                  ; 15                 ;
; Total fan-out                               ; 223                ;
; Average fan-out                             ; 1.89               ;
+---------------------------------------------+--------------------+


+--------------------------------------------------------------------------------------------------------------------------------------------------------------------------------------------------------------------+
; Input Pins                                                                                                                                                                                                         ;
+-------------+-------+----------+--------------+--------------+-------------+-----------------------+--------------------+--------+-----------------+----------+--------------+--------------+----------------------+
; Name        ; Pin # ; I/O Bank ; X coordinate ; Y coordinate ; Cell number ; Combinational Fan-Out ; Registered Fan-Out ; Global ; PCI I/O Enabled ; Bus Hold ; Weak Pull Up ; I/O Standard ; Location assigned by ;
+-------------+-------+----------+--------------+--------------+-------------+-----------------------+--------------------+--------+-----------------+----------+--------------+--------------+----------------------+
; addr_in[0]  ; 60    ; 4        ; 9            ; 3            ; 0           ; 1                     ; 0                  ; no     ; no              ; no       ; Off          ; 3.3-V LVTTL  ; Fitter               ;
; addr_in[10] ; 41    ; 4        ; 3            ; 3            ; 0           ; 1                     ; 0                  ; no     ; no              ; no       ; Off          ; 3.3-V LVTTL  ; Fitter               ;
; addr_in[11] ; 53    ; 4        ; 8            ; 3            ; 2           ; 1                     ; 0                  ; no     ; no              ; no       ; Off          ; 3.3-V LVTTL  ; Fitter               ;
; addr_in[12] ; 39    ; 4        ; 2            ; 3            ; 0           ; 1                     ; 0                  ; no     ; no              ; no       ; Off          ; 3.3-V LVTTL  ; Fitter               ;
; addr_in[13] ; 52    ; 4        ; 8            ; 3            ; 3           ; 1                     ; 0                  ; no     ; no              ; no       ; Off          ; 3.3-V LVTTL  ; Fitter               ;
; addr_in[14] ; 51    ; 4        ; 7            ; 3            ; 0           ; 1                     ; 0                  ; no     ; no              ; no       ; Off          ; 3.3-V LVTTL  ; Fitter               ;
; addr_in[1]  ; 43    ; 4        ; 5            ; 3            ; 3           ; 1                     ; 0                  ; no     ; no              ; no       ; Off          ; 3.3-V LVTTL  ; Fitter               ;
; addr_in[2]  ; 40    ; 4        ; 3            ; 3            ; 1           ; 1                     ; 0                  ; no     ; no              ; no       ; Off          ; 3.3-V LVTTL  ; Fitter               ;
; addr_in[3]  ; 44    ; 4        ; 5            ; 3            ; 2           ; 1                     ; 0                  ; no     ; no              ; no       ; Off          ; 3.3-V LVTTL  ; Fitter               ;
; addr_in[4]  ; 140   ; 2        ; 4            ; 11           ; 1           ; 1                     ; 0                  ; no     ; no              ; no       ; Off          ; 3.3-V LVTTL  ; Fitter               ;
; addr_in[5]  ; 50    ; 4        ; 7            ; 3            ; 1           ; 1                     ; 0                  ; no     ; no              ; no       ; Off          ; 3.3-V LVTTL  ; Fitter               ;
; addr_in[6]  ; 57    ; 4        ; 8            ; 3            ; 0           ; 1                     ; 0                  ; no     ; no              ; no       ; Off          ; 3.3-V LVTTL  ; Fitter               ;
; addr_in[7]  ; 45    ; 4        ; 6            ; 3            ; 0           ; 1                     ; 0                  ; no     ; no              ; no       ; Off          ; 3.3-V LVTTL  ; Fitter               ;
; addr_in[8]  ; 141   ; 2        ; 4            ; 11           ; 2           ; 1                     ; 0                  ; no     ; no              ; no       ; Off          ; 3.3-V LVTTL  ; Fitter               ;
; addr_in[9]  ; 49    ; 4        ; 7            ; 3            ; 2           ; 1                     ; 0                  ; no     ; no              ; no       ; Off          ; 3.3-V LVTTL  ; Fitter               ;
; clk         ; 89    ; 3        ; 17           ; 5            ; 1           ; 42                    ; 0                  ; yes    ; no              ; no       ; Off          ; 3.3-V LVTTL  ; User                 ;
; data_in[0]  ; 7     ; 1        ; 0            ; 8            ; 0           ; 1                     ; 0                  ; no     ; no              ; no       ; Off          ; 3.3-V LVTTL  ; Fitter               ;
; data_in[1]  ; 3     ; 1        ; 0            ; 10           ; 5           ; 1                     ; 0                  ; no     ; no              ; no       ; Off          ; 3.3-V LVTTL  ; Fitter               ;
; data_in[2]  ; 144   ; 2        ; 1            ; 11           ; 2           ; 1                     ; 0                  ; no     ; no              ; no       ; Off          ; 3.3-V LVTTL  ; Fitter               ;
; data_in[3]  ; 1     ; 1        ; 0            ; 10           ; 2           ; 1                     ; 0                  ; no     ; no              ; no       ; Off          ; 3.3-V LVTTL  ; Fitter               ;
; data_in[4]  ; 6     ; 1        ; 0            ; 9            ; 3           ; 1                     ; 0                  ; no     ; no              ; no       ; Off          ; 3.3-V LVTTL  ; Fitter               ;
; data_in[5]  ; 2     ; 1        ; 0            ; 10           ; 3           ; 1                     ; 0                  ; no     ; no              ; no       ; Off          ; 3.3-V LVTTL  ; Fitter               ;
; data_in[6]  ; 5     ; 1        ; 0            ; 9            ; 2           ; 1                     ; 0                  ; no     ; no              ; no       ; Off          ; 3.3-V LVTTL  ; Fitter               ;
; data_in[7]  ; 4     ; 1        ; 0            ; 9            ; 0           ; 1                     ; 0                  ; no     ; no              ; no       ; Off          ; 3.3-V LVTTL  ; Fitter               ;
; enable      ; 12    ; 1        ; 0            ; 7            ; 0           ; 3                     ; 0                  ; no     ; no              ; no       ; Off          ; 3.3-V LVTTL  ; Fitter               ;
; readenable  ; 42    ; 4        ; 4            ; 3            ; 0           ; 3                     ; 0                  ; no     ; no              ; no       ; Off          ; 3.3-V LVTTL  ; Fitter               ;
; rst_n       ; 20    ; 1        ; 0            ; 7            ; 6           ; 13                    ; 0                  ; no     ; no              ; no       ; Off          ; 3.3-V LVTTL  ; Fitter               ;
; writeenable ; 48    ; 4        ; 7            ; 3            ; 3           ; 2                     ; 0                  ; no     ; no              ; no       ; Off          ; 3.3-V LVTTL  ; Fitter               ;
+-------------+-------+----------+--------------+--------------+-------------+-----------------------+--------------------+--------+-----------------+----------+--------------+--------------+----------------------+


+-------------------------------------------------------------------------------------------------------------------------------------------------------------------------------------------------------------------------------------------------------------------------------------------------------------------------------------+
; Output Pins                                                                                                                                                                                                                                                                                                                         ;
+-------------------+-------+----------+--------------+--------------+-------------+-----------------+----------------+-----------------+------------+---------------+----------+--------------+--------------+------------------+------------------------+----------------------+-------+----------------------+---------------------+
; Name              ; Pin # ; I/O Bank ; X coordinate ; Y coordinate ; Cell number ; Output Register ; Slow Slew Rate ; PCI I/O Enabled ; Open Drain ; TRI Primitive ; Bus Hold ; Weak Pull Up ; I/O Standard ; Current Strength ; Fast Output Connection ; Location assigned by ; Load  ; Output Enable Source ; Output Enable Group ;
+-------------------+-------+----------+--------------+--------------+-------------+-----------------+----------------+-----------------+------------+---------------+----------+--------------+--------------+------------------+------------------------+----------------------+-------+----------------------+---------------------+
; data_out[0]       ; 143   ; 2        ; 2            ; 11           ; 3           ; no              ; no             ; no              ; no         ; no            ; no       ; Off          ; 3.3-V LVTTL  ; 16mA             ; yes                    ; Fitter               ; 10 pF ; -                    ; -                   ;
; data_out[1]       ; 8     ; 1        ; 0            ; 8            ; 1           ; no              ; no             ; no              ; no         ; no            ; no       ; Off          ; 3.3-V LVTTL  ; 16mA             ; yes                    ; Fitter               ; 10 pF ; -                    ; -                   ;
; data_out[2]       ; 142   ; 2        ; 3            ; 11           ; 2           ; no              ; no             ; no              ; no         ; no            ; no       ; Off          ; 3.3-V LVTTL  ; 16mA             ; no                     ; Fitter               ; 10 pF ; -                    ; -                   ;
; data_out[3]       ; 13    ; 1        ; 0            ; 7            ; 1           ; no              ; no             ; no              ; no         ; no            ; no       ; Off          ; 3.3-V LVTTL  ; 16mA             ; yes                    ; Fitter               ; 10 pF ; -                    ; -                   ;
; data_out[4]       ; 16    ; 1        ; 0            ; 7            ; 4           ; no              ; no             ; no              ; no         ; no            ; no       ; Off          ; 3.3-V LVTTL  ; 16mA             ; yes                    ; Fitter               ; 10 pF ; -                    ; -                   ;
; data_out[5]       ; 14    ; 1        ; 0            ; 7            ; 2           ; no              ; no             ; no              ; no         ; no            ; no       ; Off          ; 3.3-V LVTTL  ; 16mA             ; yes                    ; Fitter               ; 10 pF ; -                    ; -                   ;
; data_out[6]       ; 15    ; 1        ; 0            ; 7            ; 3           ; no              ; no             ; no              ; no         ; no            ; no       ; Off          ; 3.3-V LVTTL  ; 16mA             ; yes                    ; Fitter               ; 10 pF ; -                    ; -                   ;
; data_out[7]       ; 18    ; 1        ; 0            ; 7            ; 5           ; no              ; no             ; no              ; no         ; no            ; no       ; Off          ; 3.3-V LVTTL  ; 16mA             ; yes                    ; Fitter               ; 10 pF ; -                    ; -                   ;
; rd_done           ; 55    ; 4        ; 8            ; 3            ; 1           ; no              ; no             ; no              ; no         ; no            ; no       ; Off          ; 3.3-V LVTTL  ; 16mA             ; no                     ; User                 ; 10 pF ; -                    ; -                   ;
; sram_addr_out[0]  ; 127   ; 2        ; 9            ; 11           ; 3           ; no              ; no             ; no              ; no         ; no            ; no       ; Off          ; 3.3-V LVTTL  ; 16mA             ; no                     ; User                 ; 10 pF ; -                    ; -                   ;
; sram_addr_out[10] ; 122   ; 2        ; 10           ; 11           ; 2           ; no              ; no             ; no              ; no         ; no            ; no       ; Off          ; 3.3-V LVTTL  ; 16mA             ; no                     ; User                 ; 10 pF ; -                    ; -                   ;
; sram_addr_out[11] ; 130   ; 2        ; 8            ; 11           ; 1           ; no              ; no             ; no              ; no         ; no            ; no       ; Off          ; 3.3-V LVTTL  ; 16mA             ; no                     ; User                 ; 10 pF ; -                    ; -                   ;
; sram_addr_out[12] ; 23    ; 1        ; 0            ; 6            ; 2           ; no              ; no             ; no              ; no         ; no            ; no       ; Off          ; 3.3-V LVTTL  ; 16mA             ; no                     ; User                 ; 10 pF ; -                    ; -                   ;
; sram_addr_out[13] ; 138   ; 2        ; 5            ; 11           ; 0           ; no              ; no             ; no              ; no         ; no            ; no       ; Off          ; 3.3-V LVTTL  ; 16mA             ; no                     ; User                 ; 10 pF ; -                    ; -                   ;
; sram_addr_out[14] ; 21    ; 1        ; 0            ; 6            ; 0           ; no              ; no             ; no              ; no         ; no            ; no       ; Off          ; 3.3-V LVTTL  ; 16mA             ; no                     ; User                 ; 10 pF ; -                    ; -                   ;
; sram_addr_out[1]  ; 125   ; 2        ; 9            ; 11           ; 2           ; no              ; no             ; no              ; no         ; no            ; no       ; Off          ; 3.3-V LVTTL  ; 16mA             ; no                     ; User                 ; 10 pF ; -                    ; -                   ;
; sram_addr_out[2]  ; 123   ; 2        ; 9            ; 11           ; 0           ; no              ; no             ; no              ; no         ; no            ; no       ; Off          ; 3.3-V LVTTL  ; 16mA             ; no                     ; User                 ; 10 pF ; -                    ; -                   ;
; sram_addr_out[3]  ; 121   ; 2        ; 10           ; 11           ; 1           ; no              ; no             ; no              ; no         ; no            ; no       ; Off          ; 3.3-V LVTTL  ; 16mA             ; no                     ; User                 ; 10 pF ; -                    ; -                   ;
; sram_addr_out[4]  ; 37    ; 4        ; 1            ; 3            ; 0           ; no              ; no             ; no              ; no         ; no            ; no       ; Off          ; 3.3-V LVTTL  ; 16mA             ; no                     ; User                 ; 10 pF ; -                    ; -                   ;
; sram_addr_out[5]  ; 31    ; 1        ; 0            ; 4            ; 2           ; no              ; no             ; no              ; no         ; no            ; no       ; Off          ; 3.3-V LVTTL  ; 16mA             ; no                     ; User                 ; 10 pF ; -                    ; -                   ;
; sram_addr_out[6]  ; 29    ; 1        ; 0            ; 5            ; 2           ; no              ; no             ; no              ; no         ; no            ; no       ; Off          ; 3.3-V LVTTL  ; 16mA             ; no                     ; User                 ; 10 pF ; -                    ; -                   ;
; sram_addr_out[7]  ; 27    ; 1        ; 0            ; 6            ; 5           ; no              ; no             ; no              ; no         ; no            ; no       ; Off          ; 3.3-V LVTTL  ; 16mA             ; no                     ; User                 ; 10 pF ; -                    ; -                   ;
; sram_addr_out[8]  ; 134   ; 2        ; 7            ; 11           ; 2           ; no              ; no             ; no              ; no         ; no            ; no       ; Off          ; 3.3-V LVTTL  ; 16mA             ; no                     ; User                 ; 10 pF ; -                    ; -                   ;
; sram_addr_out[9]  ; 132   ; 2        ; 7            ; 11           ; 0           ; no              ; no             ; no              ; no         ; no            ; no       ; Off          ; 3.3-V LVTTL  ; 16mA             ; no                     ; User                 ; 10 pF ; -                    ; -                   ;
; sram_cs_n         ; 38    ; 4        ; 2            ; 3            ; 3           ; no              ; no             ; no              ; no         ; no            ; no       ; Off          ; 3.3-V LVTTL  ; 16mA             ; no                     ; User                 ; 10 pF ; -                    ; -                   ;
; sram_oe_n         ; 124   ; 2        ; 9            ; 11           ; 1           ; no              ; no             ; no              ; no         ; no            ; no       ; Off          ; 3.3-V LVTTL  ; 16mA             ; no                     ; User                 ; 10 pF ; -                    ; -                   ;
; sram_we_n         ; 139   ; 2        ; 5            ; 11           ; 1           ; no              ; no             ; no              ; no         ; no            ; no       ; Off          ; 3.3-V LVTTL  ; 16mA             ; no                     ; User                 ; 10 pF ; -                    ; -                   ;
; wr_done           ; 58    ; 4        ; 9            ; 3            ; 2           ; no              ; no             ; no              ; no         ; no            ; no       ; Off          ; 3.3-V LVTTL  ; 16mA             ; no                     ; User                 ; 10 pF ; -                    ; -                   ;
+-------------------+-------+----------+--------------+--------------+-------------+-----------------+----------------+-----------------+------------+---------------+----------+--------------+--------------+------------------+------------------------+----------------------+-------+----------------------+---------------------+


+----------------------------------------------------------------------------------------------------------------------------------------------------------------------------------------------------------------------------------------------------------------------------------------------------------------------------------------------------------------------+
; Bidir Pins                                                                                                                                                                                                                                                                                                                                                           ;
+--------------+-------+----------+--------------+--------------+-------------+-----------------------+--------------------+--------+-----------------+----------------+-----------------+------------+----------+--------------+--------------+------------------+------------------------+----------------------+-------+----------------------+---------------------+
; Name         ; Pin # ; I/O Bank ; X coordinate ; Y coordinate ; Cell number ; Combinational Fan-Out ; Registered Fan-Out ; Global ; Output Register ; Slow Slew Rate ; PCI I/O Enabled ; Open Drain ; Bus Hold ; Weak Pull Up ; I/O Standard ; Current Strength ; Fast Output Connection ; Location assigned by ; Load  ; Output Enable Source ; Output Enable Group ;
+--------------+-------+----------+--------------+--------------+-------------+-----------------------+--------------------+--------+-----------------+----------------+-----------------+------------+----------+--------------+--------------+------------------+------------------------+----------------------+-------+----------------------+---------------------+
; sram_data[0] ; 129   ; 2        ; 8            ; 11           ; 0           ; 0                     ; 0                  ; no     ; no              ; no             ; no              ; no         ; no       ; Off          ; 3.3-V LVTTL  ; 16mA             ; no                     ; User                 ; 10 pF ; -                    ; -                   ;
; sram_data[1] ; 131   ; 2        ; 8            ; 11           ; 2           ; 0                     ; 0                  ; no     ; no              ; no             ; no              ; no         ; no       ; Off          ; 3.3-V LVTTL  ; 16mA             ; no                     ; User                 ; 10 pF ; -                    ; -                   ;
; sram_data[2] ; 133   ; 2        ; 7            ; 11           ; 1           ; 0                     ; 0                  ; no     ; no              ; no             ; no              ; no         ; no       ; Off          ; 3.3-V LVTTL  ; 16mA             ; no                     ; User                 ; 10 pF ; -                    ; -                   ;
; sram_data[3] ; 22    ; 1        ; 0            ; 6            ; 1           ; 0                     ; 0                  ; no     ; no              ; no             ; no              ; no         ; no       ; Off          ; 3.3-V LVTTL  ; 16mA             ; no                     ; User                 ; 10 pF ; -                    ; -                   ;
; sram_data[4] ; 24    ; 1        ; 0            ; 6            ; 3           ; 0                     ; 0                  ; no     ; no              ; no             ; no              ; no         ; no       ; Off          ; 3.3-V LVTTL  ; 16mA             ; no                     ; User                 ; 10 pF ; -                    ; -                   ;
; sram_data[5] ; 28    ; 1        ; 0            ; 5            ; 1           ; 0                     ; 0                  ; no     ; no              ; no             ; no              ; no         ; no       ; Off          ; 3.3-V LVTTL  ; 16mA             ; no                     ; User                 ; 10 pF ; -                    ; -                   ;
; sram_data[6] ; 30    ; 1        ; 0            ; 5            ; 6           ; 0                     ; 0                  ; no     ; no              ; no             ; no              ; no         ; no       ; Off          ; 3.3-V LVTTL  ; 16mA             ; no                     ; User                 ; 10 pF ; -                    ; -                   ;
; sram_data[7] ; 32    ; 1        ; 0            ; 4            ; 5           ; 0                     ; 0                  ; no     ; no              ; no             ; no              ; no         ; no       ; Off          ; 3.3-V LVTTL  ; 16mA             ; no                     ; User                 ; 10 pF ; -                    ; -                   ;
+--------------+-------+----------+--------------+--------------+-------------+-----------------------+--------------------+--------+-----------------+----------------+-----------------+------------+----------+--------------+--------------+------------------+------------------------+----------------------+-------+----------------------+---------------------+


+-------------------------------------------------------------+
; I/O Bank Usage                                              ;
+----------+-------------------+---------------+--------------+
; I/O Bank ; Usage             ; VCCIO Voltage ; VREF Voltage ;
+----------+-------------------+---------------+--------------+
; 1        ; 25 / 25 ( 100 % ) ; 3.3V          ; --           ;
; 2        ; 19 / 30 ( 63 % )  ; 3.3V          ; --           ;
; 3        ; 1 / 29 ( 3 % )    ; 3.3V          ; --           ;
; 4        ; 19 / 30 ( 63 % )  ; 3.3V          ; --           ;
+----------+-------------------+---------------+--------------+


+-------------------------------------------------------------------------------------------------------------------------------------------------+
; All Package Pins                                                                                                                                ;
+----------+------------+----------+-------------------+--------+--------------+---------+------------+-----------------+----------+--------------+
; Location ; Pad Number ; I/O Bank ; Pin Name/Usage    ; Dir.   ; I/O Standard ; Voltage ; I/O Type   ; User Assignment ; Bus Hold ; Weak Pull Up ;
+----------+------------+----------+-------------------+--------+--------------+---------+------------+-----------------+----------+--------------+
; 1        ; 2          ; 1        ; data_in[3]        ; input  ; 3.3-V LVTTL  ;         ; Row I/O    ; N               ; no       ; Off          ;
; 2        ; 3          ; 1        ; data_in[5]        ; input  ; 3.3-V LVTTL  ;         ; Row I/O    ; N               ; no       ; Off          ;
; 3        ; 5          ; 1        ; data_in[1]        ; input  ; 3.3-V LVTTL  ;         ; Row I/O    ; N               ; no       ; Off          ;
; 4        ; 7          ; 1        ; data_in[7]        ; input  ; 3.3-V LVTTL  ;         ; Row I/O    ; N               ; no       ; Off          ;
; 5        ; 9          ; 1        ; data_in[6]        ; input  ; 3.3-V LVTTL  ;         ; Row I/O    ; N               ; no       ; Off          ;
; 6        ; 10         ; 1        ; data_in[4]        ; input  ; 3.3-V LVTTL  ;         ; Row I/O    ; N               ; no       ; Off          ;
; 7        ; 14         ; 1        ; data_in[0]        ; input  ; 3.3-V LVTTL  ;         ; Row I/O    ; N               ; no       ; Off          ;
; 8        ; 15         ; 1        ; data_out[1]       ; output ; 3.3-V LVTTL  ;         ; Row I/O    ; N               ; no       ; Off          ;
; 9        ;            ; 1        ; VCCIO1            ; power  ;              ; 3.3V    ; --         ;                 ; --       ; --           ;
; 10       ;            ;          ; GNDIO             ; gnd    ;              ;         ; --         ;                 ; --       ; --           ;
; 11       ;            ;          ; GNDIO             ; gnd    ;              ;         ; --         ;                 ; --       ; --           ;
; 12       ; 21         ; 1        ; enable            ; input  ; 3.3-V LVTTL  ;         ; Row I/O    ; N               ; no       ; Off          ;
; 13       ; 22         ; 1        ; data_out[3]       ; output ; 3.3-V LVTTL  ;         ; Row I/O    ; N               ; no       ; Off          ;
; 14       ; 23         ; 1        ; data_out[5]       ; output ; 3.3-V LVTTL  ;         ; Row I/O    ; N               ; no       ; Off          ;
; 15       ; 24         ; 1        ; data_out[6]       ; output ; 3.3-V LVTTL  ;         ; Row I/O    ; N               ; no       ; Off          ;
; 16       ; 25         ; 1        ; data_out[4]       ; output ; 3.3-V LVTTL  ;         ; Row I/O    ; N               ; no       ; Off          ;
; 17       ;            ;          ; GNDINT            ; gnd    ;              ;         ; --         ;                 ; --       ; --           ;
; 18       ; 26         ; 1        ; data_out[7]       ; output ; 3.3-V LVTTL  ;         ; Row I/O    ; N               ; no       ; Off          ;
; 19       ;            ;          ; VCCINT            ; power  ;              ; 1.8V    ; --         ;                 ; --       ; --           ;
; 20       ; 27         ; 1        ; rst_n             ; input  ; 3.3-V LVTTL  ;         ; Row I/O    ; N               ; no       ; Off          ;
; 21       ; 28         ; 1        ; sram_addr_out[14] ; output ; 3.3-V LVTTL  ;         ; Row I/O    ; Y               ; no       ; Off          ;
; 22       ; 29         ; 1        ; sram_data[3]      ; bidir  ; 3.3-V LVTTL  ;         ; Row I/O    ; Y               ; no       ; Off          ;
; 23       ; 30         ; 1        ; sram_addr_out[12] ; output ; 3.3-V LVTTL  ;         ; Row I/O    ; Y               ; no       ; Off          ;
; 24       ; 31         ; 1        ; sram_data[4]      ; bidir  ; 3.3-V LVTTL  ;         ; Row I/O    ; Y               ; no       ; Off          ;
; 25       ;            ; 1        ; VCCIO1            ; power  ;              ; 3.3V    ; --         ;                 ; --       ; --           ;
; 26       ;            ;          ; GNDIO             ; gnd    ;              ;         ; --         ;                 ; --       ; --           ;
; 27       ; 33         ; 1        ; sram_addr_out[7]  ; output ; 3.3-V LVTTL  ;         ; Row I/O    ; Y               ; no       ; Off          ;
; 28       ; 36         ; 1        ; sram_data[5]      ; bidir  ; 3.3-V LVTTL  ;         ; Row I/O    ; Y               ; no       ; Off          ;
; 29       ; 37         ; 1        ; sram_addr_out[6]  ; output ; 3.3-V LVTTL  ;         ; Row I/O    ; Y               ; no       ; Off          ;
; 30       ; 41         ; 1        ; sram_data[6]      ; bidir  ; 3.3-V LVTTL  ;         ; Row I/O    ; Y               ; no       ; Off          ;
; 31       ; 44         ; 1        ; sram_addr_out[5]  ; output ; 3.3-V LVTTL  ;         ; Row I/O    ; Y               ; no       ; Off          ;
; 32       ; 47         ; 1        ; sram_data[7]      ; bidir  ; 3.3-V LVTTL  ;         ; Row I/O    ; Y               ; no       ; Off          ;
; 33       ; 50         ; 1        ; #TMS              ; input  ;              ;         ; --         ;                 ; --       ; --           ;
; 34       ; 51         ; 1        ; #TDI              ; input  ;              ;         ; --         ;                 ; --       ; --           ;
; 35       ; 52         ; 1        ; #TCK              ; input  ;              ;         ; --         ;                 ; --       ; --           ;
; 36       ; 53         ; 1        ; #TDO              ; output ;              ;         ; --         ;                 ; --       ; --           ;
; 37       ; 56         ; 4        ; sram_addr_out[4]  ; output ; 3.3-V LVTTL  ;         ; Column I/O ; Y               ; no       ; Off          ;
; 38       ; 57         ; 4        ; sram_cs_n         ; output ; 3.3-V LVTTL  ;         ; Column I/O ; Y               ; no       ; Off          ;
; 39       ; 60         ; 4        ; addr_in[12]       ; input  ; 3.3-V LVTTL  ;         ; Column I/O ; N               ; no       ; Off          ;
; 40       ; 62         ; 4        ; addr_in[2]        ; input  ; 3.3-V LVTTL  ;         ; Column I/O ; N               ; no       ; Off          ;
; 41       ; 63         ; 4        ; addr_in[10]       ; input  ; 3.3-V LVTTL  ;         ; Column I/O ; N               ; no       ; Off          ;
; 42       ; 67         ; 4        ; readenable        ; input  ; 3.3-V LVTTL  ;         ; Column I/O ; N               ; no       ; Off          ;
; 43       ; 68         ; 4        ; addr_in[1]        ; input  ; 3.3-V LVTTL  ;         ; Column I/O ; N               ; no       ; Off          ;
; 44       ; 69         ; 4        ; addr_in[3]        ; input  ; 3.3-V LVTTL  ;         ; Column I/O ; N               ; no       ; Off          ;
; 45       ; 74         ; 4        ; addr_in[7]        ; input  ; 3.3-V LVTTL  ;         ; Column I/O ; N               ; no       ; Off          ;
; 46       ;            ; 4        ; VCCIO4            ; power  ;              ; 3.3V    ; --         ;                 ; --       ; --           ;
; 47       ;            ;          ; GNDIO             ; gnd    ;              ;         ; --         ;                 ; --       ; --           ;
; 48       ; 75         ; 4        ; writeenable       ; input  ; 3.3-V LVTTL  ;         ; Column I/O ; N               ; no       ; Off          ;
; 49       ; 76         ; 4        ; addr_in[9]        ; input  ; 3.3-V LVTTL  ;         ; Column I/O ; N               ; no       ; Off          ;
; 50       ; 77         ; 4        ; addr_in[5]        ; input  ; 3.3-V LVTTL  ;         ; Column I/O ; N               ; no       ; Off          ;
; 51       ; 78         ; 4        ; addr_in[14]       ; input  ; 3.3-V LVTTL  ;         ; Column I/O ; N               ; no       ; Off          ;
; 52       ; 79         ; 4        ; addr_in[13]       ; input  ; 3.3-V LVTTL  ;         ; Column I/O ; N               ; no       ; Off          ;
; 53       ; 80         ; 4        ; addr_in[11]       ; input  ; 3.3-V LVTTL  ;         ; Column I/O ; N               ; no       ; Off          ;
; 54       ;            ;          ; GNDINT            ; gnd    ;              ;         ; --         ;                 ; --       ; --           ;
; 55       ; 81         ; 4        ; rd_done           ; output ; 3.3-V LVTTL  ;         ; Column I/O ; Y               ; no       ; Off          ;
; 56       ;            ;          ; VCCINT            ; power  ;              ; 1.8V    ; --         ;                 ; --       ; --           ;
; 57       ; 82         ; 4        ; addr_in[6]        ; input  ; 3.3-V LVTTL  ;         ; Column I/O ; N               ; no       ; Off          ;
; 58       ; 83         ; 4        ; wr_done           ; output ; 3.3-V LVTTL  ;         ; Column I/O ; Y               ; no       ; Off          ;
; 59       ; 84         ; 4        ; GND*              ;        ;              ;         ; Column I/O ;                 ; no       ; Off          ;
; 60       ; 85         ; 4        ; addr_in[0]        ; input  ; 3.3-V LVTTL  ;         ; Column I/O ; N               ; no       ; Off          ;
; 61       ; 86         ; 4        ; GND*              ;        ;              ;         ; Column I/O ;                 ; no       ; Off          ;
; 62       ; 87         ; 4        ; GND*              ;        ;              ;         ; Column I/O ;                 ; no       ; Off          ;
; 63       ; 88         ; 4        ; GND*              ;        ;              ;         ; Column I/O ;                 ; no       ; Off          ;
; 64       ;            ; 4        ; VCCIO4            ; power  ;              ; 3.3V    ; --         ;                 ; --       ; --           ;
; 65       ;            ;          ; GNDIO             ; gnd    ;              ;         ; --         ;                 ; --       ; --           ;
; 66       ; 91         ; 4        ; GND*              ;        ;              ;         ; Column I/O ;                 ; no       ; Off          ;
; 67       ; 92         ; 4        ; GND*              ;        ;              ;         ; Column I/O ;                 ; no       ; Off          ;
; 68       ; 95         ; 4        ; GND*              ;        ;              ;         ; Column I/O ;                 ; no       ; Off          ;
; 69       ; 98         ; 4        ; GND*              ;        ;              ;         ; Column I/O ;                 ; no       ; Off          ;
; 70       ; 101        ; 4        ; GND*              ;        ;              ;         ; Column I/O ;                 ; no       ; Off          ;
; 71       ; 104        ; 4        ; GND*              ;        ;              ;         ; Column I/O ;                 ; no       ; Off          ;
; 72       ; 107        ; 4        ; GND*              ;        ;              ;         ; Column I/O ;                 ; no       ; Off          ;
; 73       ; 111        ; 3        ; GND*              ;        ;              ;         ; Row I/O    ;                 ; no       ; Off          ;
; 74       ; 112        ; 3        ; GND*              ;        ;              ;         ; Row I/O    ;                 ; no       ; Off          ;
; 75       ; 113        ; 3        ; GND*              ;        ;              ;         ; Row I/O    ;                 ; no       ; Off          ;
; 76       ; 115        ; 3        ; GND*              ;        ;              ;         ; Row I/O    ;                 ; no       ; Off          ;
; 77       ; 118        ; 3        ; GND*              ;        ;              ;         ; Row I/O    ;                 ; no       ; Off          ;
; 78       ;            ;          ; GNDIO             ; gnd    ;              ;         ; --         ;                 ; --       ; --           ;
; 79       ; 123        ; 3        ; GND*              ;        ;              ;         ; Row I/O    ;                 ; no       ; Off          ;
; 80       ; 124        ; 3        ; GND*              ;        ;              ;         ; Row I/O    ;                 ; no       ; Off          ;
; 81       ; 127        ; 3        ; GND*              ;        ;              ;         ; Row I/O    ;                 ; no       ; Off          ;
; 82       ;            ; 3        ; VCCIO3            ; power  ;              ; 3.3V    ; --         ;                 ; --       ; --           ;
; 83       ;            ;          ; GNDIO             ; gnd    ;              ;         ; --         ;                 ; --       ; --           ;
; 84       ; 129        ; 3        ; GND*              ;        ;              ;         ; Row I/O    ;                 ; no       ; Off          ;
; 85       ; 130        ; 3        ; GND*              ;        ;              ;         ; Row I/O    ;                 ; no       ; Off          ;
; 86       ; 131        ; 3        ; GND*              ;        ;              ;         ; Row I/O    ;                 ; no       ; Off          ;
; 87       ; 132        ; 3        ; GND*              ;        ;              ;         ; Row I/O    ;                 ; no       ; Off          ;
; 88       ; 133        ; 3        ; GND*              ;        ;              ;         ; Row I/O    ;                 ; no       ; Off          ;
; 89       ; 134        ; 3        ; clk               ; input  ; 3.3-V LVTTL  ;         ; Row I/O    ; Y               ; no       ; Off          ;
; 90       ;            ;          ; VCCINT            ; power  ;              ; 1.8V    ; --         ;                 ; --       ; --           ;
; 91       ; 135        ; 3        ; GND*              ;        ;              ;         ; Row I/O    ;                 ; no       ; Off          ;
; 92       ;            ;          ; GNDINT            ; gnd    ;              ;         ; --         ;                 ; --       ; --           ;
; 93       ; 136        ; 3        ; GND*              ;        ;              ;         ; Row I/O    ;                 ; no       ; Off          ;
; 94       ; 137        ; 3        ; GND*              ;        ;              ;         ; Row I/O    ;                 ; no       ; Off          ;
; 95       ; 138        ; 3        ; GND*              ;        ;              ;         ; Row I/O    ;                 ; no       ; Off          ;
; 96       ; 139        ; 3        ; GND*              ;        ;              ;         ; Row I/O    ;                 ; no       ; Off          ;
; 97       ; 140        ; 3        ; GND*              ;        ;              ;         ; Row I/O    ;                 ; no       ; Off          ;
; 98       ; 141        ; 3        ; GND*              ;        ;              ;         ; Row I/O    ;                 ; no       ; Off          ;
; 99       ;            ;          ; GNDIO             ; gnd    ;              ;         ; --         ;                 ; --       ; --           ;
; 100      ;            ; 3        ; VCCIO3            ; power  ;              ; 3.3V    ; --         ;                 ; --       ; --           ;
; 101      ; 142        ; 3        ; GND*              ;        ;              ;         ; Row I/O    ;                 ; no       ; Off          ;
; 102      ; 146        ; 3        ; GND*              ;        ;              ;         ; Row I/O    ;                 ; no       ; Off          ;
; 103      ; 147        ; 3        ; GND*              ;        ;              ;         ; Row I/O    ;                 ; no       ; Off          ;
; 104      ; 151        ; 3        ; GND*              ;        ;              ;         ; Row I/O    ;                 ; no       ; Off          ;
; 105      ; 152        ; 3        ; GND*              ;        ;              ;         ; Row I/O    ;                 ; no       ; Off          ;
; 106      ; 154        ; 3        ; GND*              ;        ;              ;         ; Row I/O    ;                 ; no       ; Off          ;
; 107      ; 156        ; 3        ; GND*              ;        ;              ;         ; Row I/O    ;                 ; no       ; Off          ;
; 108      ; 158        ; 3        ; GND*              ;        ;              ;         ; Row I/O    ;                 ; no       ; Off          ;
; 109      ; 164        ; 2        ; GND*              ;        ;              ;         ; Column I/O ;                 ; no       ; Off          ;
; 110      ; 165        ; 2        ; GND*              ;        ;              ;         ; Column I/O ;                 ; no       ; Off          ;
; 111      ; 166        ; 2        ; GND*              ;        ;              ;         ; Column I/O ;                 ; no       ; Off          ;
; 112      ; 171        ; 2        ; GND*              ;        ;              ;         ; Column I/O ;                 ; no       ; Off          ;
; 113      ; 174        ; 2        ; GND*              ;        ;              ;         ; Column I/O ;                 ; no       ; Off          ;
; 114      ; 177        ; 2        ; GND*              ;        ;              ;         ; Column I/O ;                 ; no       ; Off          ;
; 115      ;            ;          ; GNDIO             ; gnd    ;              ;         ; --         ;                 ; --       ; --           ;
; 116      ;            ; 2        ; VCCIO2            ; power  ;              ; 3.3V    ; --         ;                 ; --       ; --           ;
; 117      ; 180        ; 2        ; GND*              ;        ;              ;         ; Column I/O ;                 ; no       ; Off          ;
; 118      ; 181        ; 2        ; GND*              ;        ;              ;         ; Column I/O ;                 ; no       ; Off          ;
; 119      ; 182        ; 2        ; GND*              ;        ;              ;         ; Column I/O ;                 ; no       ; Off          ;
; 120      ; 183        ; 2        ; GND*              ;        ;              ;         ; Column I/O ;                 ; no       ; Off          ;
; 121      ; 184        ; 2        ; sram_addr_out[3]  ; output ; 3.3-V LVTTL  ;         ; Column I/O ; Y               ; no       ; Off          ;
; 122      ; 185        ; 2        ; sram_addr_out[10] ; output ; 3.3-V LVTTL  ;         ; Column I/O ; Y               ; no       ; Off          ;
; 123      ; 186        ; 2        ; sram_addr_out[2]  ; output ; 3.3-V LVTTL  ;         ; Column I/O ; Y               ; no       ; Off          ;
; 124      ; 187        ; 2        ; sram_oe_n         ; output ; 3.3-V LVTTL  ;         ; Column I/O ; Y               ; no       ; Off          ;
; 125      ; 188        ; 2        ; sram_addr_out[1]  ; output ; 3.3-V LVTTL  ;         ; Column I/O ; Y               ; no       ; Off          ;
; 126      ;            ;          ; VCCINT            ; power  ;              ; 1.8V    ; --         ;                 ; --       ; --           ;
; 127      ; 189        ; 2        ; sram_addr_out[0]  ; output ; 3.3-V LVTTL  ;         ; Column I/O ; Y               ; no       ; Off          ;
; 128      ;            ;          ; GNDINT            ; gnd    ;              ;         ; --         ;                 ; --       ; --           ;
; 129      ; 190        ; 2        ; sram_data[0]      ; bidir  ; 3.3-V LVTTL  ;         ; Column I/O ; Y               ; no       ; Off          ;
; 130      ; 191        ; 2        ; sram_addr_out[11] ; output ; 3.3-V LVTTL  ;         ; Column I/O ; Y               ; no       ; Off          ;
; 131      ; 192        ; 2        ; sram_data[1]      ; bidir  ; 3.3-V LVTTL  ;         ; Column I/O ; Y               ; no       ; Off          ;
; 132      ; 193        ; 2        ; sram_addr_out[9]  ; output ; 3.3-V LVTTL  ;         ; Column I/O ; Y               ; no       ; Off          ;
; 133      ; 194        ; 2        ; sram_data[2]      ; bidir  ; 3.3-V LVTTL  ;         ; Column I/O ; Y               ; no       ; Off          ;
; 134      ; 195        ; 2        ; sram_addr_out[8]  ; output ; 3.3-V LVTTL  ;         ; Column I/O ; Y               ; no       ; Off          ;
; 135      ;            ;          ; GNDIO             ; gnd    ;              ;         ; --         ;                 ; --       ; --           ;
; 136      ;            ; 2        ; VCCIO2            ; power  ;              ; 3.3V    ; --         ;                 ; --       ; --           ;
; 137      ; 199        ; 2        ; GND*              ;        ;              ;         ; Column I/O ;                 ; no       ; Off          ;
; 138      ; 200        ; 2        ; sram_addr_out[13] ; output ; 3.3-V LVTTL  ;         ; Column I/O ; Y               ; no       ; Off          ;
; 139      ; 201        ; 2        ; sram_we_n         ; output ; 3.3-V LVTTL  ;         ; Column I/O ; Y               ; no       ; Off          ;
; 140      ; 204        ; 2        ; addr_in[4]        ; input  ; 3.3-V LVTTL  ;         ; Column I/O ; N               ; no       ; Off          ;
; 141      ; 205        ; 2        ; addr_in[8]        ; input  ; 3.3-V LVTTL  ;         ; Column I/O ; N               ; no       ; Off          ;
; 142      ; 208        ; 2        ; data_out[2]       ; output ; 3.3-V LVTTL  ;         ; Column I/O ; N               ; no       ; Off          ;
; 143      ; 212        ; 2        ; data_out[0]       ; output ; 3.3-V LVTTL  ;         ; Column I/O ; N               ; no       ; Off          ;
; 144      ; 215        ; 2        ; data_in[2]        ; input  ; 3.3-V LVTTL  ;         ; Column I/O ; N               ; no       ; Off          ;
+----------+------------+----------+-------------------+--------+--------------+---------+------------+-----------------+----------+--------------+
Note: Pin directions (input, output or bidir) are based on device operating in user mode.


+-------------------------------------------------------------+
; Output Pin Default Load For Reported TCO                    ;
+----------------------------+-------+------------------------+
; I/O Standard               ; Load  ; Termination Resistance ;
+----------------------------+-------+------------------------+
; 3.3-V LVTTL                ; 10 pF ; Not Available          ;
; 3.3-V LVCMOS               ; 10 pF ; Not Available          ;
; 2.5 V                      ; 10 pF ; Not Available          ;
; 1.8 V                      ; 10 pF ; Not Available          ;
; 1.5 V                      ; 10 pF ; Not Available          ;
; 3.3V Schmitt Trigger Input ; 10 pF ; Not Available          ;
; 2.5V Schmitt Trigger Input ; 10 pF ; Not Available          ;
; 1.2 V                      ; 10 pF ; Not Available          ;
; LVDS_E_3R                  ; 10 pF ; Not Available          ;
; RSDS_E_3R                  ; 10 pF ; Not Available          ;
; 3.3-V PCI                  ; 10 pF ; 25 Ohm (Parallel)      ;
+----------------------------+-------+------------------------+
Note: User assignments will override these defaults. The user specified values are listed in the Output Pins and Bidir Pins tables.


+----------------------------------------------------------------------------------------------------------------------------------------------------------------------------------------------------------------------+
; Fitter Resource Utilization by Entity                                                                                                                                                                                ;
+----------------------------+-------------+--------------+------------+------+--------------+--------------+-------------------+------------------+-----------------+------------+---------------------+--------------+
; Compilation Hierarchy Node ; Logic Cells ; LC Registers ; UFM Blocks ; Pins ; Virtual Pins ; LUT-Only LCs ; Register-Only LCs ; LUT/Register LCs ; Carry Chain LCs ; Packed LCs ; Full Hierarchy Name ; Library Name ;
+----------------------------+-------------+--------------+------------+------+--------------+--------------+-------------------+------------------+-----------------+------------+---------------------+--------------+
; |sram                      ; 54 (54)     ; 42           ; 0          ; 64   ; 0            ; 12 (12)      ; 32 (32)           ; 10 (10)          ; 0 (0)           ; 0 (0)      ; |sram               ; work         ;
+----------------------------+-------------+--------------+------------+------+--------------+--------------+-------------------+------------------+-----------------+------------+---------------------+--------------+
Note: For table entries with two numbers listed, the numbers in parentheses indicate the number of resources of the given type used by the specific entity alone. The numbers listed outside of parentheses indicate the total resources of the given type used by the specific entity and all of its sub-entities in the hierarchy.


+----------------------------------------------+
; Delay Chain Summary                          ;
+-------------------+----------+---------------+
; Name              ; Pin Type ; Pad to Core 0 ;
+-------------------+----------+---------------+
; data_out[0]       ; Output   ; --            ;
; data_out[1]       ; Output   ; --            ;
; data_out[2]       ; Output   ; --            ;
; data_out[3]       ; Output   ; --            ;
; data_out[4]       ; Output   ; --            ;
; data_out[5]       ; Output   ; --            ;
; data_out[6]       ; Output   ; --            ;
; data_out[7]       ; Output   ; --            ;
; rd_done           ; Output   ; --            ;
; wr_done           ; Output   ; --            ;
; sram_addr_out[0]  ; Output   ; --            ;
; sram_addr_out[1]  ; Output   ; --            ;
; sram_addr_out[2]  ; Output   ; --            ;
; sram_addr_out[3]  ; Output   ; --            ;
; sram_addr_out[4]  ; Output   ; --            ;
; sram_addr_out[5]  ; Output   ; --            ;
; sram_addr_out[6]  ; Output   ; --            ;
; sram_addr_out[7]  ; Output   ; --            ;
; sram_addr_out[8]  ; Output   ; --            ;
; sram_addr_out[9]  ; Output   ; --            ;
; sram_addr_out[10] ; Output   ; --            ;
; sram_addr_out[11] ; Output   ; --            ;
; sram_addr_out[12] ; Output   ; --            ;
; sram_addr_out[13] ; Output   ; --            ;
; sram_addr_out[14] ; Output   ; --            ;
; sram_cs_n         ; Output   ; --            ;
; sram_we_n         ; Output   ; --            ;
; sram_oe_n         ; Output   ; --            ;
; sram_data[0]      ; Bidir    ; (0)           ;
; sram_data[1]      ; Bidir    ; (0)           ;
; sram_data[2]      ; Bidir    ; (0)           ;
; sram_data[3]      ; Bidir    ; (0)           ;
; sram_data[4]      ; Bidir    ; (0)           ;
; sram_data[5]      ; Bidir    ; (0)           ;
; sram_data[6]      ; Bidir    ; (0)           ;
; sram_data[7]      ; Bidir    ; (0)           ;
; clk               ; Input    ; (0)           ;
; rst_n             ; Input    ; (1)           ;
; addr_in[0]        ; Input    ; (1)           ;
; addr_in[1]        ; Input    ; (1)           ;
; addr_in[2]        ; Input    ; (1)           ;
; addr_in[3]        ; Input    ; (1)           ;
; addr_in[4]        ; Input    ; (1)           ;
; addr_in[5]        ; Input    ; (1)           ;
; addr_in[6]        ; Input    ; (1)           ;
; addr_in[7]        ; Input    ; (1)           ;
; addr_in[8]        ; Input    ; (1)           ;
; addr_in[9]        ; Input    ; (1)           ;
; addr_in[10]       ; Input    ; (1)           ;
; addr_in[11]       ; Input    ; (1)           ;
; addr_in[12]       ; Input    ; (1)           ;
; addr_in[13]       ; Input    ; (1)           ;
; addr_in[14]       ; Input    ; (1)           ;
; data_in[0]        ; Input    ; (1)           ;
; readenable        ; Input    ; (1)           ;
; enable            ; Input    ; (1)           ;
; data_in[1]        ; Input    ; (1)           ;
; data_in[2]        ; Input    ; (1)           ;
; data_in[3]        ; Input    ; (1)           ;
; data_in[4]        ; Input    ; (1)           ;
; data_in[5]        ; Input    ; (1)           ;
; data_in[6]        ; Input    ; (1)           ;
; data_in[7]        ; Input    ; (1)           ;
; writeenable       ; Input    ; (1)           ;
+-------------------+----------+---------------+


+---------------------------------------------------------------------------------------------------------------+
; Control Signals                                                                                               ;
+---------------------+-------------+---------+--------------+--------+----------------------+------------------+
; Name                ; Location    ; Fan-Out ; Usage        ; Global ; Global Resource Used ; Global Line Name ;
+---------------------+-------------+---------+--------------+--------+----------------------+------------------+
; clk                 ; PIN_89      ; 42      ; Clock        ; yes    ; Global Clock         ; GCLK2            ;
; data_out[0]~0       ; LC_X1_Y6_N2 ; 8       ; Clock enable ; no     ; --                   ; --               ;
; rst_n               ; PIN_20      ; 13      ; Clock enable ; no     ; --                   ; --               ;
; sram_addr_out[0]~1  ; LC_X3_Y6_N8 ; 15      ; Clock enable ; no     ; --                   ; --               ;
; sram_we_n~0         ; LC_X1_Y6_N6 ; 2       ; Clock enable ; no     ; --                   ; --               ;
; temp_sram_data[0]~0 ; LC_X1_Y8_N9 ; 8       ; Clock enable ; no     ; --                   ; --               ;
+---------------------+-------------+---------+--------------+--------+----------------------+------------------+


+---------------------------------------------------------------------+
; Global & Other Fast Signals                                         ;
+------+----------+---------+----------------------+------------------+
; Name ; Location ; Fan-Out ; Global Resource Used ; Global Line Name ;
+------+----------+---------+----------------------+------------------+
; clk  ; PIN_89   ; 42      ; Global Clock         ; GCLK2            ;
+------+----------+---------+----------------------+------------------+


+----------------------------------+
; Non-Global High Fan-Out Signals  ;
+------------------------+---------+
; Name                   ; Fan-Out ;
+------------------------+---------+
; sram_addr_out[0]~1     ; 15      ;
; rst_n                  ; 13      ;
; present_state.S2       ; 12      ;
; temp_sram_data[0]~0    ; 8       ;
; data_out[0]~0          ; 8       ;
; present_state.S1       ; 8       ;
; present_state.00       ; 5       ;
; write_count[1]         ; 5       ;
; write_count[0]         ; 5       ;
; read_count[1]          ; 5       ;
; read_count[0]          ; 5       ;
; enable                 ; 3       ;
; readenable             ; 3       ;
; LessThan1~0            ; 3       ;
; LessThan0~0            ; 3       ;
; writeenable            ; 2       ;
; sram_we_n~0            ; 2       ;
; data_out[0]~1          ; 2       ;
; sram_addr_out[0]~0     ; 2       ;
; temp_sram_data[7]      ; 2       ;
; temp_sram_data[6]      ; 2       ;
; temp_sram_data[5]      ; 2       ;
; temp_sram_data[4]      ; 2       ;
; temp_sram_data[3]      ; 2       ;
; temp_sram_data[2]      ; 2       ;
; temp_sram_data[1]      ; 2       ;
; temp_sram_data[0]      ; 2       ;
; wr_done~reg0           ; 2       ;
; rd_done~reg0           ; 2       ;
; present_state~13       ; 1       ;
; present_state~12       ; 1       ;
; present_state~10       ; 1       ;
; data_in[7]             ; 1       ;
; data_in[6]             ; 1       ;
; data_in[5]             ; 1       ;
; data_in[4]             ; 1       ;
; data_in[3]             ; 1       ;
; data_in[2]             ; 1       ;
; data_in[1]             ; 1       ;
; present_state~8        ; 1       ;
; data_in[0]             ; 1       ;
; addr_in[14]            ; 1       ;
; addr_in[13]            ; 1       ;
; addr_in[12]            ; 1       ;
; addr_in[11]            ; 1       ;
; addr_in[10]            ; 1       ;
; addr_in[9]             ; 1       ;
; addr_in[8]             ; 1       ;
; addr_in[7]             ; 1       ;
; addr_in[6]             ; 1       ;
; addr_in[5]             ; 1       ;
; addr_in[4]             ; 1       ;
; addr_in[3]             ; 1       ;
; addr_in[2]             ; 1       ;
; addr_in[1]             ; 1       ;
; addr_in[0]             ; 1       ;
; sram_oe_n~reg0         ; 1       ;
; sram_we_n~reg0         ; 1       ;
; sram_addr_out[14]~reg0 ; 1       ;
; sram_addr_out[13]~reg0 ; 1       ;
; sram_addr_out[12]~reg0 ; 1       ;
; sram_addr_out[11]~reg0 ; 1       ;
; sram_addr_out[10]~reg0 ; 1       ;
; sram_addr_out[9]~reg0  ; 1       ;
; sram_addr_out[8]~reg0  ; 1       ;
; sram_addr_out[7]~reg0  ; 1       ;
; sram_addr_out[6]~reg0  ; 1       ;
; sram_addr_out[5]~reg0  ; 1       ;
; sram_addr_out[4]~reg0  ; 1       ;
; sram_addr_out[3]~reg0  ; 1       ;
; sram_addr_out[2]~reg0  ; 1       ;
; sram_addr_out[1]~reg0  ; 1       ;
; sram_addr_out[0]~reg0  ; 1       ;
; data_out[7]~reg0       ; 1       ;
; data_out[6]~reg0       ; 1       ;
; data_out[5]~reg0       ; 1       ;
; data_out[4]~reg0       ; 1       ;
; data_out[3]~reg0       ; 1       ;
; data_out[2]~reg0       ; 1       ;
; data_out[1]~reg0       ; 1       ;
; data_out[0]~reg0       ; 1       ;
+------------------------+---------+


+----------------------------------------------+
; Routing Usage Summary                        ;
+-----------------------+----------------------+
; Routing Resource Type ; Usage                ;
+-----------------------+----------------------+
; C4s                   ; 73 / 2,870 ( 3 % )   ;
; Direct links          ; 13 / 3,938 ( < 1 % ) ;
; Global clocks         ; 1 / 4 ( 25 % )       ;
; LAB clocks            ; 4 / 72 ( 6 % )       ;
; LUT chains            ; 3 / 1,143 ( < 1 % )  ;
; Local interconnects   ; 94 / 3,938 ( 2 % )   ;
; R4s                   ; 58 / 2,832 ( 2 % )   ;
+-----------------------+----------------------+


+--------------------------------------------------------------------------+
; LAB Logic Elements                                                       ;
+--------------------------------------------+-----------------------------+
; Number of Logic Elements  (Average = 7.71) ; Number of LABs  (Total = 7) ;
+--------------------------------------------+-----------------------------+
; 1                                          ; 0                           ;
; 2                                          ; 1                           ;
; 3                                          ; 0                           ;
; 4                                          ; 0                           ;
; 5                                          ; 1                           ;
; 6                                          ; 0                           ;
; 7                                          ; 1                           ;
; 8                                          ; 0                           ;
; 9                                          ; 0                           ;
; 10                                         ; 4                           ;
+--------------------------------------------+-----------------------------+


+------------------------------------------------------------------+
; LAB-wide Signals                                                 ;
+------------------------------------+-----------------------------+
; LAB-wide Signals  (Average = 1.71) ; Number of LABs  (Total = 7) ;
+------------------------------------+-----------------------------+
; 1 Clock                            ; 7                           ;
; 1 Clock enable                     ; 4                           ;
; 2 Clock enables                    ; 1                           ;
+------------------------------------+-----------------------------+


+---------------------------------------------------------------------------+
; LAB Signals Sourced                                                       ;
+---------------------------------------------+-----------------------------+
; Number of Signals Sourced  (Average = 7.71) ; Number of LABs  (Total = 7) ;
+---------------------------------------------+-----------------------------+
; 0                                           ; 0                           ;
; 1                                           ; 0                           ;
; 2                                           ; 1                           ;
; 3                                           ; 0                           ;
; 4                                           ; 0                           ;
; 5                                           ; 1                           ;
; 6                                           ; 0                           ;
; 7                                           ; 1                           ;
; 8                                           ; 0                           ;
; 9                                           ; 0                           ;
; 10                                          ; 4                           ;
+---------------------------------------------+-----------------------------+


+-------------------------------------------------------------------------------+
; LAB Signals Sourced Out                                                       ;
+-------------------------------------------------+-----------------------------+
; Number of Signals Sourced Out  (Average = 7.00) ; Number of LABs  (Total = 7) ;
+-------------------------------------------------+-----------------------------+
; 0                                               ; 0                           ;
; 1                                               ; 0                           ;
; 2                                               ; 1                           ;
; 3                                               ; 0                           ;
; 4                                               ; 1                           ;
; 5                                               ; 1                           ;
; 6                                               ; 0                           ;
; 7                                               ; 0                           ;
; 8                                               ; 0                           ;
; 9                                               ; 2                           ;
; 10                                              ; 2                           ;
+-------------------------------------------------+-----------------------------+


+---------------------------------------------------------------------------+
; LAB Distinct Inputs                                                       ;
+---------------------------------------------+-----------------------------+
; Number of Distinct Inputs  (Average = 9.71) ; Number of LABs  (Total = 7) ;
+---------------------------------------------+-----------------------------+
; 0                                           ; 0                           ;
; 1                                           ; 0                           ;
; 2                                           ; 0                           ;
; 3                                           ; 0                           ;
; 4                                           ; 1                           ;
; 5                                           ; 0                           ;
; 6                                           ; 0                           ;
; 7                                           ; 2                           ;
; 8                                           ; 0                           ;
; 9                                           ; 1                           ;
; 10                                          ; 0                           ;
; 11                                          ; 0                           ;
; 12                                          ; 0                           ;
; 13                                          ; 1                           ;
; 14                                          ; 2                           ;
+---------------------------------------------+-----------------------------+


+-------------------------------------------------------------------------+
; Fitter Device Options                                                   ;
+----------------------------------------------+--------------------------+
; Option                                       ; Setting                  ;
+----------------------------------------------+--------------------------+
; Enable user-supplied start-up clock (CLKUSR) ; Off                      ;
; Enable device-wide reset (DEV_CLRn)          ; Off                      ;
; Enable device-wide output enable (DEV_OE)    ; Off                      ;
; Enable INIT_DONE output                      ; Off                      ;
; Configuration scheme                         ; Passive Serial           ;
; Reserve all unused pins                      ; As output driving ground ;
; Base pin-out file on sameframe device        ; Off                      ;
+----------------------------------------------+--------------------------+


+-----------------+
; Fitter Messages ;
+-----------------+
Warning (20028): Parallel compilation is not licensed and has been disabled
Info (119006): Selected device 5M1270ZT144C5 for design "examples"
Info (21077): Low junction temperature is 0 degrees C
Info (21077): High junction temperature is 85 degrees C
Info (171003): Fitter is performing an Auto Fit compilation, which may decrease Fitter effort to reduce compilation time
Warning (292013): Feature LogicLock is only available with a valid subscription license. You can purchase a software subscription to gain full access to this feature.
Info (176444): Device migration not selected. If you intend to use device migration later, you may need to change the pin assignments as they may be incompatible with other devices
    Info (176445): Device 5M240ZT144C5 is compatible
    Info (176445): Device 5M240ZT144I5 is compatible
    Info (176445): Device 5M570ZT144C5 is compatible
    Info (176445): Device 5M570ZT144I5 is compatible
    Info (176445): Device 5M1270ZT144I5 is compatible
Critical Warning (169085): No exact pin location assignment(s) for 35 pins of 64 total pins
    Info (169086): Pin data_out[0] not assigned to an exact location on the device
    Info (169086): Pin data_out[1] not assigned to an exact location on the device
    Info (169086): Pin data_out[2] not assigned to an exact location on the device
    Info (169086): Pin data_out[3] not assigned to an exact location on the device
    Info (169086): Pin data_out[4] not assigned to an exact location on the device
    Info (169086): Pin data_out[5] not assigned to an exact location on the device
    Info (169086): Pin data_out[6] not assigned to an exact location on the device
    Info (169086): Pin data_out[7] not assigned to an exact location on the device
    Info (169086): Pin rst_n not assigned to an exact location on the device
    Info (169086): Pin addr_in[0] not assigned to an exact location on the device
    Info (169086): Pin addr_in[1] not assigned to an exact location on the device
    Info (169086): Pin addr_in[2] not assigned to an exact location on the device
    Info (169086): Pin addr_in[3] not assigned to an exact location on the device
    Info (169086): Pin addr_in[4] not assigned to an exact location on the device
    Info (169086): Pin addr_in[5] not assigned to an exact location on the device
    Info (169086): Pin addr_in[6] not assigned to an exact location on the device
    Info (169086): Pin addr_in[7] not assigned to an exact location on the device
    Info (169086): Pin addr_in[8] not assigned to an exact location on the device
    Info (169086): Pin addr_in[9] not assigned to an exact location on the device
    Info (169086): Pin addr_in[10] not assigned to an exact location on the device
    Info (169086): Pin addr_in[11] not assigned to an exact location on the device
    Info (169086): Pin addr_in[12] not assigned to an exact location on the device
    Info (169086): Pin addr_in[13] not assigned to an exact location on the device
    Info (169086): Pin addr_in[14] not assigned to an exact location on the device
    Info (169086): Pin data_in[0] not assigned to an exact location on the device
    Info (169086): Pin readenable not assigned to an exact location on the device
    Info (169086): Pin enable not assigned to an exact location on the device
    Info (169086): Pin data_in[1] not assigned to an exact location on the device
    Info (169086): Pin data_in[2] not assigned to an exact location on the device
    Info (169086): Pin data_in[3] not assigned to an exact location on the device
    Info (169086): Pin data_in[4] not assigned to an exact location on the device
    Info (169086): Pin data_in[5] not assigned to an exact location on the device
    Info (169086): Pin data_in[6] not assigned to an exact location on the device
    Info (169086): Pin data_in[7] not assigned to an exact location on the device
    Info (169086): Pin writeenable not assigned to an exact location on the device
Critical Warning (332012): Synopsys Design Constraints File file not found: 'examples.sdc'. A Synopsys Design Constraints File is required by the TimeQuest Timing Analyzer to get proper timing constraints. Without it, the Compiler will not properly optimize the design.
Info (332144): No user constrained base clocks found in the design
Info (332128): Timing requirements not specified -- optimizing circuit to achieve the following default global requirements
    Info (332127): Assuming a default timing requirement
Info (332111): Found 1 clocks
    Info (332111):   Period   Clock Name
    Info (332111): ======== ============
    Info (332111):    1.000          clk
Info (186079): Completed User Assigned Global Signals Promotion Operation
Info (186215): Automatically promoted signal "clk" to use Global clock in PIN 89
Info (186079): Completed Auto Global Promotion Operation
Info (176234): Starting register packing
Info (186468): Started processing fast register assignments
Info (186469): Finished processing fast register assignments
Info (176235): Finished register packing
Info (176214): Statistics of I/O pins that need to be placed that use the same VCCIO and VREF, before I/O pin placement
    Info (176211): Number of I/O pins in group: 35 (unused VREF, 3.3V VCCIO, 27 input, 8 output, 0 bidirectional)
        Info (176212): I/O standards used: 3.3-V LVTTL.
Info (176215): I/O bank details before I/O pin placement
    Info (176214): Statistics of I/O banks
        Info (176213): I/O bank number 1 does not use VREF pins and has 3.3V VCCIO pins. 10 total pin(s) used --  15 pins available
        Info (176213): I/O bank number 2 does not use VREF pins and has 3.3V VCCIO pins. 14 total pin(s) used --  16 pins available
        Info (176213): I/O bank number 3 does not use VREF pins and has undetermined VCCIO pins. 1 total pin(s) used --  28 pins available
        Info (176213): I/O bank number 4 does not use VREF pins and has 3.3V VCCIO pins. 4 total pin(s) used --  26 pins available
Warning (15705): Ignored locations or region assignments to the following nodes
    Warning (15706): Node "lcd[0]" is assigned to location or region, but does not exist in design
    Warning (15706): Node "lcd[1]" is assigned to location or region, but does not exist in design
    Warning (15706): Node "lcd[2]" is assigned to location or region, but does not exist in design
    Warning (15706): Node "lcd[3]" is assigned to location or region, but does not exist in design
    Warning (15706): Node "lcd[4]" is assigned to location or region, but does not exist in design
    Warning (15706): Node "lcd[5]" is assigned to location or region, but does not exist in design
    Warning (15706): Node "lcd[6]" is assigned to location or region, but does not exist in design
    Warning (15706): Node "lcd[7]" is assigned to location or region, but does not exist in design
    Warning (15706): Node "lcd_en" is assigned to location or region, but does not exist in design
    Warning (15706): Node "lcd_rs" is assigned to location or region, but does not exist in design
    Warning (15706): Node "lcd_rw" is assigned to location or region, but does not exist in design
    Warning (15706): Node "led[0]" is assigned to location or region, but does not exist in design
    Warning (15706): Node "led[1]" is assigned to location or region, but does not exist in design
    Warning (15706): Node "led[2]" is assigned to location or region, but does not exist in design
    Warning (15706): Node "led[3]" is assigned to location or region, but does not exist in design
    Warning (15706): Node "msgkey" is assigned to location or region, but does not exist in design
    Warning (15706): Node "push1" is assigned to location or region, but does not exist in design
    Warning (15706): Node "push2" is assigned to location or region, but does not exist in design
    Warning (15706): Node "push3" is assigned to location or region, but does not exist in design
    Warning (15706): Node "push4" is assigned to location or region, but does not exist in design
    Warning (15706): Node "rst" is assigned to location or region, but does not exist in design
Info (171121): Fitter preparation operations ending: elapsed time is 00:00:01
Info (170189): Fitter placement preparation operations beginning
Info (170190): Fitter placement preparation operations ending: elapsed time is 00:00:00
Info (170191): Fitter placement operations beginning
Info (170137): Fitter placement was successful
Info (170192): Fitter placement operations ending: elapsed time is 00:00:01
Info (170193): Fitter routing operations beginning
Info (170195): Router estimated average interconnect usage is 2% of the available device resources
    Info (170196): Router estimated peak interconnect usage is 5% of the available device resources in the region that extends from location X0_Y0 to location X8_Y11
Info (170194): Fitter routing operations ending: elapsed time is 00:00:00
Info (170199): The Fitter performed an Auto Fit compilation.  Optimizations were skipped to reduce compilation time.
    Info (170201): Optimizations that may affect the design's routability were skipped
Info (11888): Total time spent on timing analysis during the Fitter is 0.18 seconds.
Info (11218): Fitter post-fit operations ending: elapsed time is 00:00:00
Warning (171167): Found invalid Fitter assignments. See the Ignored Assignments panel in the Fitter Compilation Report for more information.
Warning (169064): Following 8 pins have no output enable or a GND or VCC output enable - later changes to this connectivity may change fitting results
    Info (169065): Pin sram_data[0] has a permanently enabled output enable
    Info (169065): Pin sram_data[1] has a permanently enabled output enable
    Info (169065): Pin sram_data[2] has a permanently enabled output enable
    Info (169065): Pin sram_data[3] has a permanently enabled output enable
    Info (169065): Pin sram_data[4] has a permanently enabled output enable
    Info (169065): Pin sram_data[5] has a permanently enabled output enable
    Info (169065): Pin sram_data[6] has a permanently enabled output enable
    Info (169065): Pin sram_data[7] has a permanently enabled output enable
Warning (169174): The Reserve All Unused Pins setting has not been specified, and will default to 'As output driving ground'.
Info (144001): Generated suppressed messages file /home/tinchuk/ee214/example_es/output_files/examples.fit.smsg
Info: Quartus II 32-bit Fitter was successful. 0 errors, 29 warnings
    Info: Peak virtual memory: 446 megabytes
    Info: Processing ended: Wed Apr 15 11:06:03 2015
    Info: Elapsed time: 00:00:03
    Info: Total CPU time (on all processors): 00:00:03


+----------------------------+
; Fitter Suppressed Messages ;
+----------------------------+
The suppressed messages can be found in /home/tinchuk/ee214/example_es/output_files/examples.fit.smsg.


