Analysis & Synthesis report for toneGenerator
Wed Apr 15 17:36:59 2015
Quartus II 32-bit Version 13.1.0 Build 162 10/23/2013 SJ Web Edition


---------------------
; Table of Contents ;
---------------------
  1. Legal Notice
  2. Analysis & Synthesis Summary
  3. Analysis & Synthesis Settings
  4. Parallel Compilation
  5. Analysis & Synthesis Source Files Read
  6. Analysis & Synthesis Resource Usage Summary
  7. Analysis & Synthesis Resource Utilization by Entity
  8. Registers Removed During Synthesis
  9. Removed Registers Triggering Further Register Optimizations
 10. General Register Statistics
 11. Analysis & Synthesis Messages



----------------
; Legal Notice ;
----------------
Copyright (C) 1991-2013 Altera Corporation
Your use of Altera Corporation's design tools, logic functions 
and other software and tools, and its AMPP partner logic 
functions, and any output files from any of the foregoing 
(including device programming or simulation files), and any 
associated documentation or information are expressly subject 
to the terms and conditions of the Altera Program License 
Subscription Agreement, Altera MegaCore Function License 
Agreement, or other applicable license agreement, including, 
without limitation, that your use is for the sole purpose of 
programming logic devices manufactured by Altera and sold by 
Altera or its authorized distributors.  Please refer to the 
applicable agreement for further details.



+--------------------------------------------------------------------------+
; Analysis & Synthesis Summary                                             ;
+-----------------------------+--------------------------------------------+
; Analysis & Synthesis Status ; Successful - Wed Apr 15 17:36:59 2015      ;
; Quartus II 32-bit Version   ; 13.1.0 Build 162 10/23/2013 SJ Web Edition ;
; Revision Name               ; toneGenerator                              ;
; Top-level Entity Name       ; autoGenerator                              ;
; Family                      ; MAX V                                      ;
; Total logic elements        ; 30                                         ;
; Total pins                  ; 3                                          ;
; Total virtual pins          ; 0                                          ;
; UFM blocks                  ; 0 / 1 ( 0 % )                              ;
+-----------------------------+--------------------------------------------+


+----------------------------------------------------------------------------------------------------------------------+
; Analysis & Synthesis Settings                                                                                        ;
+----------------------------------------------------------------------------+--------------------+--------------------+
; Option                                                                     ; Setting            ; Default Value      ;
+----------------------------------------------------------------------------+--------------------+--------------------+
; Device                                                                     ; 5M1270ZT144C5      ;                    ;
; Top-level entity name                                                      ; autoGenerator      ; toneGenerator      ;
; Family name                                                                ; MAX V              ; Cyclone IV GX      ;
; Use smart compilation                                                      ; Off                ; Off                ;
; Enable parallel Assembler and TimeQuest Timing Analyzer during compilation ; On                 ; On                 ;
; Enable compact report table                                                ; Off                ; Off                ;
; Restructure Multiplexers                                                   ; Auto               ; Auto               ;
; Create Debugging Nodes for IP Cores                                        ; Off                ; Off                ;
; Preserve fewer node names                                                  ; On                 ; On                 ;
; Disable OpenCore Plus hardware evaluation                                  ; Off                ; Off                ;
; Verilog Version                                                            ; Verilog_2001       ; Verilog_2001       ;
; VHDL Version                                                               ; VHDL_1993          ; VHDL_1993          ;
; State Machine Processing                                                   ; Auto               ; Auto               ;
; Safe State Machine                                                         ; Off                ; Off                ;
; Extract Verilog State Machines                                             ; On                 ; On                 ;
; Extract VHDL State Machines                                                ; On                 ; On                 ;
; Ignore Verilog initial constructs                                          ; Off                ; Off                ;
; Iteration limit for constant Verilog loops                                 ; 5000               ; 5000               ;
; Iteration limit for non-constant Verilog loops                             ; 250                ; 250                ;
; Add Pass-Through Logic to Inferred RAMs                                    ; On                 ; On                 ;
; Infer RAMs from Raw Logic                                                  ; On                 ; On                 ;
; Parallel Synthesis                                                         ; On                 ; On                 ;
; NOT Gate Push-Back                                                         ; On                 ; On                 ;
; Power-Up Don't Care                                                        ; On                 ; On                 ;
; Remove Redundant Logic Cells                                               ; Off                ; Off                ;
; Remove Duplicate Registers                                                 ; On                 ; On                 ;
; Ignore CARRY Buffers                                                       ; Off                ; Off                ;
; Ignore CASCADE Buffers                                                     ; Off                ; Off                ;
; Ignore GLOBAL Buffers                                                      ; Off                ; Off                ;
; Ignore ROW GLOBAL Buffers                                                  ; Off                ; Off                ;
; Ignore LCELL Buffers                                                       ; Off                ; Off                ;
; Ignore SOFT Buffers                                                        ; On                 ; On                 ;
; Limit AHDL Integers to 32 Bits                                             ; Off                ; Off                ;
; Optimization Technique                                                     ; Balanced           ; Balanced           ;
; Carry Chain Length                                                         ; 70                 ; 70                 ;
; Auto Carry Chains                                                          ; On                 ; On                 ;
; Auto Open-Drain Pins                                                       ; On                 ; On                 ;
; Perform WYSIWYG Primitive Resynthesis                                      ; Off                ; Off                ;
; Auto Shift Register Replacement                                            ; Auto               ; Auto               ;
; Allow Shift Register Merging across Hierarchies                            ; Auto               ; Auto               ;
; Auto Clock Enable Replacement                                              ; On                 ; On                 ;
; Allow Synchronous Control Signals                                          ; On                 ; On                 ;
; Force Use of Synchronous Clear Signals                                     ; Off                ; Off                ;
; Auto Resource Sharing                                                      ; Off                ; Off                ;
; Use LogicLock Constraints during Resource Balancing                        ; On                 ; On                 ;
; Ignore translate_off and synthesis_off directives                          ; Off                ; Off                ;
; Report Parameter Settings                                                  ; On                 ; On                 ;
; Report Source Assignments                                                  ; On                 ; On                 ;
; Report Connectivity Checks                                                 ; On                 ; On                 ;
; Ignore Maximum Fan-Out Assignments                                         ; Off                ; Off                ;
; Synchronization Register Chain Length                                      ; 2                  ; 2                  ;
; PowerPlay Power Optimization                                               ; Normal compilation ; Normal compilation ;
; HDL message level                                                          ; Level2             ; Level2             ;
; Suppress Register Optimization Related Messages                            ; Off                ; Off                ;
; Number of Removed Registers Reported in Synthesis Report                   ; 5000               ; 5000               ;
; Number of Swept Nodes Reported in Synthesis Report                         ; 5000               ; 5000               ;
; Number of Inverted Registers Reported in Synthesis Report                  ; 100                ; 100                ;
; Clock MUX Protection                                                       ; On                 ; On                 ;
; Block Design Naming                                                        ; Auto               ; Auto               ;
; Synthesis Effort                                                           ; Auto               ; Auto               ;
; Shift Register Replacement - Allow Asynchronous Clear Signal               ; On                 ; On                 ;
; Pre-Mapping Resynthesis Optimization                                       ; Off                ; Off                ;
; Analysis & Synthesis Message Level                                         ; Medium             ; Medium             ;
; Disable Register Merging Across Hierarchies                                ; Auto               ; Auto               ;
; Synthesis Seed                                                             ; 1                  ; 1                  ;
+----------------------------------------------------------------------------+--------------------+--------------------+


Parallel compilation was disabled, but you have multiple processors available. Enable parallel compilation to reduce compilation time.
+-------------------------------------+
; Parallel Compilation                ;
+----------------------------+--------+
; Processors                 ; Number ;
+----------------------------+--------+
; Number detected on machine ; 4      ;
; Maximum allowed            ; 1      ;
+----------------------------+--------+


+---------------------------------------------------------------------------------------------------------------------------------------------+
; Analysis & Synthesis Source Files Read                                                                                                      ;
+----------------------------------+-----------------+------------------------+-----------------------------------------------------+---------+
; File Name with User-Entered Path ; Used in Netlist ; File Type              ; File Name with Absolute Path                        ; Library ;
+----------------------------------+-----------------+------------------------+-----------------------------------------------------+---------+
; autoGenerator.v                  ; yes             ; User Verilog HDL File  ; /home/tinchuk/Desktop/toneGenerator/autoGenerator.v ;         ;
; toneGenerator.v                  ; yes             ; User Verilog HDL File  ; /home/tinchuk/Desktop/toneGenerator/toneGenerator.v ;         ;
+----------------------------------+-----------------+------------------------+-----------------------------------------------------+---------+


+-----------------------------------------------------+
; Analysis & Synthesis Resource Usage Summary         ;
+---------------------------------------------+-------+
; Resource                                    ; Usage ;
+---------------------------------------------+-------+
; Total logic elements                        ; 30    ;
;     -- Combinational with no register       ; 9     ;
;     -- Register only                        ; 1     ;
;     -- Combinational with a register        ; 20    ;
;                                             ;       ;
; Logic element usage by number of LUT inputs ;       ;
;     -- 4 input functions                    ; 7     ;
;     -- 3 input functions                    ; 2     ;
;     -- 2 input functions                    ; 19    ;
;     -- 1 input functions                    ; 1     ;
;     -- 0 input functions                    ; 0     ;
;                                             ;       ;
; Logic elements by mode                      ;       ;
;     -- normal mode                          ; 12    ;
;     -- arithmetic mode                      ; 18    ;
;     -- qfbk mode                            ; 0     ;
;     -- register cascade mode                ; 0     ;
;     -- synchronous clear/load mode          ; 19    ;
;     -- asynchronous clear/load mode         ; 0     ;
;                                             ;       ;
; Total registers                             ; 21    ;
; Total logic cells in carry chains           ; 19    ;
; I/O pins                                    ; 3     ;
; Maximum fan-out node                        ; clk   ;
; Maximum fan-out                             ; 21    ;
; Total fan-out                               ; 115   ;
; Average fan-out                             ; 3.48  ;
+---------------------------------------------+-------+


+----------------------------------------------------------------------------------------------------------------------------------------------------------------------------------------------------------------------------------+
; Analysis & Synthesis Resource Utilization by Entity                                                                                                                                                                              ;
+----------------------------+-------------+--------------+------------+------+--------------+--------------+-------------------+------------------+-----------------+------------+---------------------------------+--------------+
; Compilation Hierarchy Node ; Logic Cells ; LC Registers ; UFM Blocks ; Pins ; Virtual Pins ; LUT-Only LCs ; Register-Only LCs ; LUT/Register LCs ; Carry Chain LCs ; Packed LCs ; Full Hierarchy Name             ; Library Name ;
+----------------------------+-------------+--------------+------------+------+--------------+--------------+-------------------+------------------+-----------------+------------+---------------------------------+--------------+
; |autoGenerator             ; 30 (0)      ; 21           ; 0          ; 3    ; 0            ; 9 (0)        ; 1 (0)             ; 20 (0)           ; 19 (0)          ; 0 (0)      ; |autoGenerator                  ; work         ;
;    |toneGenerator:t1|      ; 30 (30)     ; 21           ; 0          ; 0    ; 0            ; 9 (9)        ; 1 (1)             ; 20 (20)          ; 19 (19)         ; 0 (0)      ; |autoGenerator|toneGenerator:t1 ; work         ;
+----------------------------+-------------+--------------+------------+------+--------------+--------------+-------------------+------------------+-----------------+------------+---------------------------------+--------------+
Note: For table entries with two numbers listed, the numbers in parentheses indicate the number of resources of the given type used by the specific entity alone. The numbers listed outside of parentheses indicate the total resources of the given type used by the specific entity and all of its sub-entities in the hierarchy.


+--------------------------------------------------------------------------------+
; Registers Removed During Synthesis                                             ;
+-----------------------------------------+--------------------------------------+
; Register name                           ; Reason for Removal                   ;
+-----------------------------------------+--------------------------------------+
; ki[1]                                   ; Stuck at GND due to stuck port clock ;
; ki[0]                                   ; Stuck at VCC due to stuck port clock ;
; os                                      ; Stuck at GND due to stuck port clock ;
; count[0..5]                             ; Stuck at GND due to stuck port clock ;
; ki[2..6]                                ; Stuck at GND due to stuck port clock ;
; toneGenerator:t1|count_900[4,5]         ; Lost fanout                          ;
; toneGenerator:t1|clk_480                ; Lost fanout                          ;
; toneGenerator:t1|clk_270                ; Lost fanout                          ;
; toneGenerator:t1|clk_540                ; Lost fanout                          ;
; toneGenerator:t1|clk_300                ; Lost fanout                          ;
; toneGenerator:t1|clk_600                ; Lost fanout                          ;
; toneGenerator:t1|clk_320                ; Lost fanout                          ;
; toneGenerator:t1|clk_640                ; Lost fanout                          ;
; toneGenerator:t1|clk_360                ; Lost fanout                          ;
; toneGenerator:t1|clk_720                ; Lost fanout                          ;
; toneGenerator:t1|clk_400                ; Lost fanout                          ;
; toneGenerator:t1|clk_800                ; Lost fanout                          ;
; toneGenerator:t1|clk_450                ; Lost fanout                          ;
; toneGenerator:t1|count_900[0..3]        ; Lost fanout                          ;
; toneGenerator:t1|clk_900                ; Lost fanout                          ;
; toneGenerator:t1|count_900[6..18]       ; Lost fanout                          ;
; toneGenerator:t1|count_450[0..18]       ; Lost fanout                          ;
; toneGenerator:t1|count_800[0..18]       ; Lost fanout                          ;
; toneGenerator:t1|count_400[0..18]       ; Lost fanout                          ;
; toneGenerator:t1|count_720[0..18]       ; Lost fanout                          ;
; toneGenerator:t1|count_360[0..18]       ; Lost fanout                          ;
; toneGenerator:t1|count_640[0..18]       ; Lost fanout                          ;
; toneGenerator:t1|count_320[0..18]       ; Lost fanout                          ;
; toneGenerator:t1|count_600[0..18]       ; Lost fanout                          ;
; toneGenerator:t1|count_300[0..18]       ; Lost fanout                          ;
; toneGenerator:t1|count_540[0..18]       ; Lost fanout                          ;
; toneGenerator:t1|count_270[0..18]       ; Lost fanout                          ;
; toneGenerator:t1|count_480[0..18]       ; Lost fanout                          ;
; Total Number of Removed Registers = 274 ;                                      ;
+-----------------------------------------+--------------------------------------+


+-------------------------------------------------------------------------------------------------------------------------+
; Removed Registers Triggering Further Register Optimizations                                                             ;
+---------------+-------------------------+-------------------------------------------------------------------------------+
; Register name ; Reason for Removal      ; Registers Removed due to This Register                                        ;
+---------------+-------------------------+-------------------------------------------------------------------------------+
; ki[1]         ; Stuck at GND            ; toneGenerator:t1|clk_480, toneGenerator:t1|clk_270, toneGenerator:t1|clk_540, ;
;               ; due to stuck port clock ; toneGenerator:t1|clk_300, toneGenerator:t1|clk_320, toneGenerator:t1|clk_360, ;
;               ;                         ; toneGenerator:t1|clk_720, toneGenerator:t1|clk_400, toneGenerator:t1|clk_800, ;
;               ;                         ; toneGenerator:t1|clk_450, toneGenerator:t1|clk_900                            ;
; count[5]      ; Stuck at GND            ; ki[2], ki[3], ki[4], ki[5], ki[6]                                             ;
;               ; due to stuck port clock ;                                                                               ;
; os            ; Stuck at GND            ; toneGenerator:t1|clk_600, toneGenerator:t1|clk_640                            ;
;               ; due to stuck port clock ;                                                                               ;
+---------------+-------------------------+-------------------------------------------------------------------------------+


+------------------------------------------------------+
; General Register Statistics                          ;
+----------------------------------------------+-------+
; Statistic                                    ; Value ;
+----------------------------------------------+-------+
; Total registers                              ; 21    ;
; Number of registers using Synchronous Clear  ; 19    ;
; Number of registers using Synchronous Load   ; 0     ;
; Number of registers using Asynchronous Clear ; 0     ;
; Number of registers using Asynchronous Load  ; 0     ;
; Number of registers using Clock Enable       ; 0     ;
; Number of registers using Preset             ; 0     ;
+----------------------------------------------+-------+


+-------------------------------+
; Analysis & Synthesis Messages ;
+-------------------------------+
Info: *******************************************************************
Info: Running Quartus II 32-bit Analysis & Synthesis
    Info: Version 13.1.0 Build 162 10/23/2013 SJ Web Edition
    Info: Processing started: Wed Apr 15 17:36:57 2015
Info: Command: quartus_map --read_settings_files=on --write_settings_files=off toneGenerator -c toneGenerator
Warning (20028): Parallel compilation is not licensed and has been disabled
Info (12021): Found 1 design units, including 1 entities, in source file autoGenerator.v
    Info (12023): Found entity 1: autoGenerator
Info (12021): Found 1 design units, including 1 entities, in source file toneGenerator.v
    Info (12023): Found entity 1: toneGenerator
Info (12127): Elaborating entity "autoGenerator" for the top level hierarchy
Info (12128): Elaborating entity "toneGenerator" for hierarchy "toneGenerator:t1"
Info (17049): 260 registers lost all their fanouts during netlist optimizations.
Warning (21074): Design contains 1 input pin(s) that do not drive logic
    Warning (15610): No output dependent on input pin "tuneSel"
Info (21057): Implemented 33 device resources after synthesis - the final resource count might be different
    Info (21058): Implemented 2 input pins
    Info (21059): Implemented 1 output pins
    Info (21061): Implemented 30 logic cells
Info: Quartus II 32-bit Analysis & Synthesis was successful. 0 errors, 3 warnings
    Info: Peak virtual memory: 368 megabytes
    Info: Processing ended: Wed Apr 15 17:36:59 2015
    Info: Elapsed time: 00:00:02
    Info: Total CPU time (on all processors): 00:00:03


