Analysis & Synthesis report for fsm_light_sequence
Fri Mar 20 23:51:44 2015
Quartus II 32-bit Version 13.1.0 Build 162 10/23/2013 SJ Web Edition


---------------------
; Table of Contents ;
---------------------
  1. Legal Notice
  2. Analysis & Synthesis Summary
  3. Analysis & Synthesis Settings
  4. Parallel Compilation
  5. Analysis & Synthesis Source Files Read
  6. Analysis & Synthesis Resource Usage Summary
  7. Analysis & Synthesis Resource Utilization by Entity
  8. State Machine - |fsm_light_sequence|state_n
  9. State Machine - |fsm_light_sequence|state_p
 10. Registers Removed During Synthesis
 11. General Register Statistics
 12. Parameter Settings for User Entity Instance: Top-level Entity: |fsm_light_sequence
 13. Analysis & Synthesis Messages



----------------
; Legal Notice ;
----------------
Copyright (C) 1991-2013 Altera Corporation
Your use of Altera Corporation's design tools, logic functions 
and other software and tools, and its AMPP partner logic 
functions, and any output files from any of the foregoing 
(including device programming or simulation files), and any 
associated documentation or information are expressly subject 
to the terms and conditions of the Altera Program License 
Subscription Agreement, Altera MegaCore Function License 
Agreement, or other applicable license agreement, including, 
without limitation, that your use is for the sole purpose of 
programming logic devices manufactured by Altera and sold by 
Altera or its authorized distributors.  Please refer to the 
applicable agreement for further details.



+--------------------------------------------------------------------------+
; Analysis & Synthesis Summary                                             ;
+-----------------------------+--------------------------------------------+
; Analysis & Synthesis Status ; Successful - Fri Mar 20 23:51:44 2015      ;
; Quartus II 32-bit Version   ; 13.1.0 Build 162 10/23/2013 SJ Web Edition ;
; Revision Name               ; fsm_light_sequence                         ;
; Top-level Entity Name       ; fsm_light_sequence                         ;
; Family                      ; MAX V                                      ;
; Total logic elements        ; 35                                         ;
; Total pins                  ; 10                                         ;
; Total virtual pins          ; 0                                          ;
; UFM blocks                  ; 0 / 1 ( 0 % )                              ;
+-----------------------------+--------------------------------------------+


+----------------------------------------------------------------------------------------------------------------------+
; Analysis & Synthesis Settings                                                                                        ;
+----------------------------------------------------------------------------+--------------------+--------------------+
; Option                                                                     ; Setting            ; Default Value      ;
+----------------------------------------------------------------------------+--------------------+--------------------+
; Device                                                                     ; 5M1270ZT144C5      ;                    ;
; Top-level entity name                                                      ; fsm_light_sequence ; fsm_light_sequence ;
; Family name                                                                ; MAX V              ; Cyclone IV GX      ;
; Use smart compilation                                                      ; Off                ; Off                ;
; Enable parallel Assembler and TimeQuest Timing Analyzer during compilation ; On                 ; On                 ;
; Enable compact report table                                                ; Off                ; Off                ;
; Restructure Multiplexers                                                   ; Auto               ; Auto               ;
; Create Debugging Nodes for IP Cores                                        ; Off                ; Off                ;
; Preserve fewer node names                                                  ; On                 ; On                 ;
; Disable OpenCore Plus hardware evaluation                                  ; Off                ; Off                ;
; Verilog Version                                                            ; Verilog_2001       ; Verilog_2001       ;
; VHDL Version                                                               ; VHDL_1993          ; VHDL_1993          ;
; State Machine Processing                                                   ; Auto               ; Auto               ;
; Safe State Machine                                                         ; Off                ; Off                ;
; Extract Verilog State Machines                                             ; On                 ; On                 ;
; Extract VHDL State Machines                                                ; On                 ; On                 ;
; Ignore Verilog initial constructs                                          ; Off                ; Off                ;
; Iteration limit for constant Verilog loops                                 ; 5000               ; 5000               ;
; Iteration limit for non-constant Verilog loops                             ; 250                ; 250                ;
; Add Pass-Through Logic to Inferred RAMs                                    ; On                 ; On                 ;
; Infer RAMs from Raw Logic                                                  ; On                 ; On                 ;
; Parallel Synthesis                                                         ; On                 ; On                 ;
; NOT Gate Push-Back                                                         ; On                 ; On                 ;
; Power-Up Don't Care                                                        ; On                 ; On                 ;
; Remove Redundant Logic Cells                                               ; Off                ; Off                ;
; Remove Duplicate Registers                                                 ; On                 ; On                 ;
; Ignore CARRY Buffers                                                       ; Off                ; Off                ;
; Ignore CASCADE Buffers                                                     ; Off                ; Off                ;
; Ignore GLOBAL Buffers                                                      ; Off                ; Off                ;
; Ignore ROW GLOBAL Buffers                                                  ; Off                ; Off                ;
; Ignore LCELL Buffers                                                       ; Off                ; Off                ;
; Ignore SOFT Buffers                                                        ; On                 ; On                 ;
; Limit AHDL Integers to 32 Bits                                             ; Off                ; Off                ;
; Optimization Technique                                                     ; Balanced           ; Balanced           ;
; Carry Chain Length                                                         ; 70                 ; 70                 ;
; Auto Carry Chains                                                          ; On                 ; On                 ;
; Auto Open-Drain Pins                                                       ; On                 ; On                 ;
; Perform WYSIWYG Primitive Resynthesis                                      ; Off                ; Off                ;
; Auto Shift Register Replacement                                            ; Auto               ; Auto               ;
; Allow Shift Register Merging across Hierarchies                            ; Auto               ; Auto               ;
; Auto Clock Enable Replacement                                              ; On                 ; On                 ;
; Allow Synchronous Control Signals                                          ; On                 ; On                 ;
; Force Use of Synchronous Clear Signals                                     ; Off                ; Off                ;
; Auto Resource Sharing                                                      ; Off                ; Off                ;
; Use LogicLock Constraints during Resource Balancing                        ; On                 ; On                 ;
; Ignore translate_off and synthesis_off directives                          ; Off                ; Off                ;
; Report Parameter Settings                                                  ; On                 ; On                 ;
; Report Source Assignments                                                  ; On                 ; On                 ;
; Report Connectivity Checks                                                 ; On                 ; On                 ;
; Ignore Maximum Fan-Out Assignments                                         ; Off                ; Off                ;
; Synchronization Register Chain Length                                      ; 2                  ; 2                  ;
; PowerPlay Power Optimization                                               ; Normal compilation ; Normal compilation ;
; HDL message level                                                          ; Level2             ; Level2             ;
; Suppress Register Optimization Related Messages                            ; Off                ; Off                ;
; Number of Removed Registers Reported in Synthesis Report                   ; 5000               ; 5000               ;
; Number of Swept Nodes Reported in Synthesis Report                         ; 5000               ; 5000               ;
; Number of Inverted Registers Reported in Synthesis Report                  ; 100                ; 100                ;
; Clock MUX Protection                                                       ; On                 ; On                 ;
; Block Design Naming                                                        ; Auto               ; Auto               ;
; Synthesis Effort                                                           ; Auto               ; Auto               ;
; Shift Register Replacement - Allow Asynchronous Clear Signal               ; On                 ; On                 ;
; Pre-Mapping Resynthesis Optimization                                       ; Off                ; Off                ;
; Analysis & Synthesis Message Level                                         ; Medium             ; Medium             ;
; Disable Register Merging Across Hierarchies                                ; Auto               ; Auto               ;
; Synthesis Seed                                                             ; 1                  ; 1                  ;
+----------------------------------------------------------------------------+--------------------+--------------------+


Parallel compilation was disabled, but you have multiple processors available. Enable parallel compilation to reduce compilation time.
+-------------------------------------+
; Parallel Compilation                ;
+----------------------------+--------+
; Processors                 ; Number ;
+----------------------------+--------+
; Number detected on machine ; 4      ;
; Maximum allowed            ; 1      ;
+----------------------------+--------+


+--------------------------------------------------------------------------------------------------------------------------------------+
; Analysis & Synthesis Source Files Read                                                                                               ;
+----------------------------------+-----------------+------------------------+----------------------------------------------+---------+
; File Name with User-Entered Path ; Used in Netlist ; File Type              ; File Name with Absolute Path                 ; Library ;
+----------------------------------+-----------------+------------------------+----------------------------------------------+---------+
; fsm_light_sequence.v             ; yes             ; User Verilog HDL File  ; /home/tinchuk/ee214/fsm/fsm_light_sequence.v ;         ;
+----------------------------------+-----------------+------------------------+----------------------------------------------+---------+


+-----------------------------------------------------+
; Analysis & Synthesis Resource Usage Summary         ;
+---------------------------------------------+-------+
; Resource                                    ; Usage ;
+---------------------------------------------+-------+
; Total logic elements                        ; 35    ;
;     -- Combinational with no register       ; 13    ;
;     -- Register only                        ; 8     ;
;     -- Combinational with a register        ; 14    ;
;                                             ;       ;
; Logic element usage by number of LUT inputs ;       ;
;     -- 4 input functions                    ; 16    ;
;     -- 3 input functions                    ; 3     ;
;     -- 2 input functions                    ; 8     ;
;     -- 1 input functions                    ; 0     ;
;     -- 0 input functions                    ; 0     ;
;                                             ;       ;
; Logic elements by mode                      ;       ;
;     -- normal mode                          ; 35    ;
;     -- arithmetic mode                      ; 0     ;
;     -- qfbk mode                            ; 0     ;
;     -- register cascade mode                ; 0     ;
;     -- synchronous clear/load mode          ; 0     ;
;     -- asynchronous clear/load mode         ; 0     ;
;                                             ;       ;
; Total registers                             ; 22    ;
; I/O pins                                    ; 10    ;
; Maximum fan-out node                        ; clk   ;
; Maximum fan-out                             ; 22    ;
; Total fan-out                               ; 125   ;
; Average fan-out                             ; 2.78  ;
+---------------------------------------------+-------+


+----------------------------------------------------------------------------------------------------------------------------------------------------------------------------------------------------------------------+
; Analysis & Synthesis Resource Utilization by Entity                                                                                                                                                                  ;
+----------------------------+-------------+--------------+------------+------+--------------+--------------+-------------------+------------------+-----------------+------------+---------------------+--------------+
; Compilation Hierarchy Node ; Logic Cells ; LC Registers ; UFM Blocks ; Pins ; Virtual Pins ; LUT-Only LCs ; Register-Only LCs ; LUT/Register LCs ; Carry Chain LCs ; Packed LCs ; Full Hierarchy Name ; Library Name ;
+----------------------------+-------------+--------------+------------+------+--------------+--------------+-------------------+------------------+-----------------+------------+---------------------+--------------+
; |fsm_light_sequence        ; 35 (35)     ; 22           ; 0          ; 10   ; 0            ; 13 (13)      ; 8 (8)             ; 14 (14)          ; 0 (0)           ; 0 (0)      ; |fsm_light_sequence ; work         ;
+----------------------------+-------------+--------------+------------+------+--------------+--------------+-------------------+------------------+-----------------+------------+---------------------+--------------+
Note: For table entries with two numbers listed, the numbers in parentheses indicate the number of resources of the given type used by the specific entity alone. The numbers listed outside of parentheses indicate the total resources of the given type used by the specific entity and all of its sub-entities in the hierarchy.


Encoding Type:  One-Hot
+-----------------------------------------------------------------------------------------------------------------------+
; State Machine - |fsm_light_sequence|state_n                                                                           ;
+-------------+-------------+------------+------------+------------+------------+------------+------------+-------------+
; Name        ; state_n.LR3 ; state_n.R3 ; state_n.R2 ; state_n.R1 ; state_n.L3 ; state_n.L2 ; state_n.L1 ; state_n.000 ;
+-------------+-------------+------------+------------+------------+------------+------------+------------+-------------+
; state_n.000 ; 0           ; 0          ; 0          ; 0          ; 0          ; 0          ; 0          ; 0           ;
; state_n.L1  ; 0           ; 0          ; 0          ; 0          ; 0          ; 0          ; 1          ; 1           ;
; state_n.L2  ; 0           ; 0          ; 0          ; 0          ; 0          ; 1          ; 0          ; 1           ;
; state_n.L3  ; 0           ; 0          ; 0          ; 0          ; 1          ; 0          ; 0          ; 1           ;
; state_n.R1  ; 0           ; 0          ; 0          ; 1          ; 0          ; 0          ; 0          ; 1           ;
; state_n.R2  ; 0           ; 0          ; 1          ; 0          ; 0          ; 0          ; 0          ; 1           ;
; state_n.R3  ; 0           ; 1          ; 0          ; 0          ; 0          ; 0          ; 0          ; 1           ;
; state_n.LR3 ; 1           ; 0          ; 0          ; 0          ; 0          ; 0          ; 0          ; 1           ;
+-------------+-------------+------------+------------+------------+------------+------------+------------+-------------+


Encoding Type:  One-Hot
+-----------------------------------------------------------------------------------------------------------------------+
; State Machine - |fsm_light_sequence|state_p                                                                           ;
+-------------+-------------+------------+------------+------------+------------+------------+------------+-------------+
; Name        ; state_p.LR3 ; state_p.R3 ; state_p.R2 ; state_p.R1 ; state_p.L3 ; state_p.L2 ; state_p.L1 ; state_p.000 ;
+-------------+-------------+------------+------------+------------+------------+------------+------------+-------------+
; state_p.000 ; 0           ; 0          ; 0          ; 0          ; 0          ; 0          ; 0          ; 0           ;
; state_p.L1  ; 0           ; 0          ; 0          ; 0          ; 0          ; 0          ; 1          ; 1           ;
; state_p.L2  ; 0           ; 0          ; 0          ; 0          ; 0          ; 1          ; 0          ; 1           ;
; state_p.L3  ; 0           ; 0          ; 0          ; 0          ; 1          ; 0          ; 0          ; 1           ;
; state_p.R1  ; 0           ; 0          ; 0          ; 1          ; 0          ; 0          ; 0          ; 1           ;
; state_p.R2  ; 0           ; 0          ; 1          ; 0          ; 0          ; 0          ; 0          ; 1           ;
; state_p.R3  ; 0           ; 1          ; 0          ; 0          ; 0          ; 0          ; 0          ; 1           ;
; state_p.LR3 ; 1           ; 0          ; 0          ; 0          ; 0          ; 0          ; 0          ; 1           ;
+-------------+-------------+------------+------------+------------+------------+------------+------------+-------------+


+------------------------------------------------------------+
; Registers Removed During Synthesis                         ;
+---------------------------------------+--------------------+
; Register name                         ; Reason for Removal ;
+---------------------------------------+--------------------+
; state_n~2                             ; Lost fanout        ;
; state_n~3                             ; Lost fanout        ;
; state_n~4                             ; Lost fanout        ;
; state_p~10                            ; Lost fanout        ;
; state_p~11                            ; Lost fanout        ;
; state_p~12                            ; Lost fanout        ;
; Total Number of Removed Registers = 6 ;                    ;
+---------------------------------------+--------------------+


+------------------------------------------------------+
; General Register Statistics                          ;
+----------------------------------------------+-------+
; Statistic                                    ; Value ;
+----------------------------------------------+-------+
; Total registers                              ; 22    ;
; Number of registers using Synchronous Clear  ; 0     ;
; Number of registers using Synchronous Load   ; 0     ;
; Number of registers using Asynchronous Clear ; 0     ;
; Number of registers using Asynchronous Load  ; 0     ;
; Number of registers using Clock Enable       ; 0     ;
; Number of registers using Preset             ; 0     ;
+----------------------------------------------+-------+


+------------------------------------------------------------------------------------+
; Parameter Settings for User Entity Instance: Top-level Entity: |fsm_light_sequence ;
+----------------+-------+-----------------------------------------------------------+
; Parameter Name ; Value ; Type                                                      ;
+----------------+-------+-----------------------------------------------------------+
; IDLE           ; 000   ; Unsigned Binary                                           ;
; L1             ; 001   ; Unsigned Binary                                           ;
; L2             ; 010   ; Unsigned Binary                                           ;
; L3             ; 011   ; Unsigned Binary                                           ;
; R1             ; 100   ; Unsigned Binary                                           ;
; R2             ; 101   ; Unsigned Binary                                           ;
; R3             ; 110   ; Unsigned Binary                                           ;
; LR3            ; 111   ; Unsigned Binary                                           ;
+----------------+-------+-----------------------------------------------------------+
Note: In order to hide this table in the UI and the text report file, please set the "Show Parameter Settings in Synthesis Report" option in "Analysis and Synthesis Settings -> More Settings" to "Off".


+-------------------------------+
; Analysis & Synthesis Messages ;
+-------------------------------+
Info: *******************************************************************
Info: Running Quartus II 32-bit Analysis & Synthesis
    Info: Version 13.1.0 Build 162 10/23/2013 SJ Web Edition
    Info: Processing started: Fri Mar 20 23:51:43 2015
Info: Command: quartus_map --read_settings_files=on --write_settings_files=off fsm_light_sequence -c fsm_light_sequence
Warning (20028): Parallel compilation is not licensed and has been disabled
Info (12021): Found 1 design units, including 1 entities, in source file fsm_light_sequence.v
    Info (12023): Found entity 1: fsm_light_sequence
Info (12127): Elaborating entity "fsm_light_sequence" for the top level hierarchy
Info (17049): 6 registers lost all their fanouts during netlist optimizations.
Info (21057): Implemented 45 device resources after synthesis - the final resource count might be different
    Info (21058): Implemented 4 input pins
    Info (21059): Implemented 6 output pins
    Info (21061): Implemented 35 logic cells
Info: Quartus II 32-bit Analysis & Synthesis was successful. 0 errors, 1 warning
    Info: Peak virtual memory: 365 megabytes
    Info: Processing ended: Fri Mar 20 23:51:44 2015
    Info: Elapsed time: 00:00:01
    Info: Total CPU time (on all processors): 00:00:01


