Flow report for lcd
Sat Mar 14 02:31:42 2015
Quartus II 32-bit Version 13.1.0 Build 162 10/23/2013 SJ Web Edition


---------------------
; Table of Contents ;
---------------------
  1. Legal Notice
  2. Flow Summary
  3. Flow Settings
  4. Flow Non-Default Global Settings
  5. Flow Elapsed Time
  6. Flow OS Summary
  7. Flow Log
  8. Flow Messages
  9. Flow Suppressed Messages



----------------
; Legal Notice ;
----------------
Copyright (C) 1991-2013 Altera Corporation
Your use of Altera Corporation's design tools, logic functions 
and other software and tools, and its AMPP partner logic 
functions, and any output files from any of the foregoing 
(including device programming or simulation files), and any 
associated documentation or information are expressly subject 
to the terms and conditions of the Altera Program License 
Subscription Agreement, Altera MegaCore Function License 
Agreement, or other applicable license agreement, including, 
without limitation, that your use is for the sole purpose of 
programming logic devices manufactured by Altera and sold by 
Altera or its authorized distributors.  Please refer to the 
applicable agreement for further details.



+------------------------------------------------------------------------+
; Flow Summary                                                           ;
+---------------------------+--------------------------------------------+
; Flow Status               ; Successful - Sat Mar 14 02:31:41 2015      ;
; Quartus II 32-bit Version ; 13.1.0 Build 162 10/23/2013 SJ Web Edition ;
; Revision Name             ; lcd                                        ;
; Top-level Entity Name     ; key_lcd                                    ;
; Family                    ; MAX V                                      ;
; Device                    ; 5M1270ZT144C5                              ;
; Timing Models             ; Final                                      ;
; Total logic elements      ; 67 / 1,270 ( 5 % )                         ;
; Total pins                ; 26 / 114 ( 23 % )                          ;
; Total virtual pins        ; 0                                          ;
; UFM blocks                ; 0 / 1 ( 0 % )                              ;
+---------------------------+--------------------------------------------+


+-----------------------------------------+
; Flow Settings                           ;
+-------------------+---------------------+
; Option            ; Setting             ;
+-------------------+---------------------+
; Start date & time ; 03/14/2015 02:31:06 ;
; Main task         ; Compilation         ;
; Revision Name     ; lcd                 ;
+-------------------+---------------------+


+---------------------------------------------------------------------------------------------------------------+
; Flow Non-Default Global Settings                                                                              ;
+-------------------------------+--------------------------------+---------------+-------------+----------------+
; Assignment Name               ; Value                          ; Default Value ; Entity Name ; Section Id     ;
+-------------------------------+--------------------------------+---------------+-------------+----------------+
; COMPILER_SIGNATURE_ID         ; 35775007712701.142628046616481 ; --            ; --          ; --             ;
; EDA_OUTPUT_DATA_FORMAT        ; Vhdl                           ; --            ; --          ; eda_simulation ;
; EDA_SIMULATION_TOOL           ; ModelSim-Altera (VHDL)         ; <None>        ; --          ; --             ;
; MAX_CORE_JUNCTION_TEMP        ; 85                             ; --            ; --          ; --             ;
; MIN_CORE_JUNCTION_TEMP        ; 0                              ; --            ; --          ; --             ;
; POWER_PRESET_COOLING_SOLUTION ; No Heat Sink With Still Air    ; --            ; --          ; --             ;
; PROJECT_OUTPUT_DIRECTORY      ; output_files                   ; --            ; --          ; --             ;
; TOP_LEVEL_ENTITY              ; key_lcd                        ; lcd           ; --          ; --             ;
+-------------------------------+--------------------------------+---------------+-------------+----------------+


+-------------------------------------------------------------------------------------------------------------------------------+
; Flow Elapsed Time                                                                                                             ;
+---------------------------+--------------+-------------------------+---------------------+------------------------------------+
; Module Name               ; Elapsed Time ; Average Processors Used ; Peak Virtual Memory ; Total CPU Time (on all processors) ;
+---------------------------+--------------+-------------------------+---------------------+------------------------------------+
; Analysis & Synthesis      ; 00:00:03     ; 1.0                     ; 364 MB              ; 00:00:03                           ;
; Fitter                    ; 00:00:06     ; 1.0                     ; 447 MB              ; 00:00:06                           ;
; Assembler                 ; 00:00:02     ; 1.0                     ; 349 MB              ; 00:00:02                           ;
; TimeQuest Timing Analyzer ; 00:00:02     ; 1.0                     ; 322 MB              ; 00:00:02                           ;
; EDA Netlist Writer        ; 00:00:01     ; 1.0                     ; 319 MB              ; 00:00:01                           ;
; Total                     ; 00:00:14     ; --                      ; --                  ; 00:00:14                           ;
+---------------------------+--------------+-------------------------+---------------------+------------------------------------+


+---------------------------------------------------------------------------------------------+
; Flow OS Summary                                                                             ;
+---------------------------+------------------+----------------+------------+----------------+
; Module Name               ; Machine Hostname ; OS Name        ; OS Version ; Processor type ;
+---------------------------+------------------+----------------+------------+----------------+
; Analysis & Synthesis      ; MPS007           ; Ubuntu 14.04.2 ; 14         ; x86_64         ;
; Fitter                    ; MPS007           ; Ubuntu 14.04.2 ; 14         ; x86_64         ;
; Assembler                 ; MPS007           ; Ubuntu 14.04.2 ; 14         ; x86_64         ;
; TimeQuest Timing Analyzer ; MPS007           ; Ubuntu 14.04.2 ; 14         ; x86_64         ;
; EDA Netlist Writer        ; MPS007           ; Ubuntu 14.04.2 ; 14         ; x86_64         ;
+---------------------------+------------------+----------------+------------+----------------+


------------
; Flow Log ;
------------
quartus_map --read_settings_files=on --write_settings_files=off lcd -c lcd
quartus_fit --read_settings_files=off --write_settings_files=off lcd -c lcd
quartus_asm --read_settings_files=off --write_settings_files=off lcd -c lcd
quartus_sta lcd -c lcd
quartus_eda --read_settings_files=off --write_settings_files=off lcd -c lcd



